2018-05-12T12:15:42.427Z - error: MySQL Error:Error: Handshake inactivity timeout
2018-05-12T12:15:42.432Z - error: Error checking if already processed:{ MessageId: 'a56d1ddf-fb41-4c7b-bef7-1e7f9df6ca2f',
  ReceiptHandle: 'AQEBNUdW39JZ9sRLA91YWWScMbm+2DAd3TniKEAHJlsdpnEvnN0iyO13YO3x86IOd3lPz1HlZ6D4MTnXp8kzwW7IPgih3Yfig7ufdq7kwxtihxu+vWiRTPCzeWp8NFEq7Igsl/G5avN9PfSGELb8aHr6uFO3Xi/Mt0rf1ZZtNlzZLDjMvn0u1Ip8svJBhJH04ZM9QxvbUHsykNKfjd+R/X5azB8Hg9/7D75J4DK+kspmtgMcqdkNjI4PaQSnzubI+FeVL9ByVfdBz1vn4VyAtbbybuFBODoqDMJeA2iF4QLA0dP1j+VMMJwwuUyCYVlZJhFefYNjSwvji9oh1QxmYsajZMkardm3bB74rOBNCxG7DcaSEgTsnKzzqG+UDG48z2vi/UnwcpihoPo8oydFlFw6tQ==',
  MD5OfBody: '2f7bb0b51e6158eace565bebc57dbd3c',
  Body: 'setRandomTriger_event',
  Attributes: { SentTimestamp: '1526126575393' },
  MD5OfMessageAttributes: '32295fb6d5e732cc01f302bf6fbd1e03',
  MessageAttributes: 
   { blockNumber: 
      { StringValue: '2265488',
        StringListValues: [],
        BinaryListValues: [],
        DataType: 'Number' },
     callback_method: 
      { StringValue: 'randomStringCallback',
        StringListValues: [],
        BinaryListValues: [],
        DataType: 'String' },
     external_params: 
      { StringValue: 'str',
        StringListValues: [],
        BinaryListValues: [],
        DataType: 'String' },
     external_url: 
      { StringValue: '.',
        StringListValues: [],
        BinaryListValues: [],
        DataType: 'String' },
     param1: 
      { StringValue: '100',
        StringListValues: [],
        BinaryListValues: [],
        DataType: 'String' },
     param2: 
      { StringValue: '0',
        StringListValues: [],
        BinaryListValues: [],
        DataType: 'String' },
     reward: 
      { StringValue: '100',
        StringListValues: [],
        BinaryListValues: [],
        DataType: 'Number' },
     sender: 
      { StringValue: '0xfa8f6F12F719fa2046EC2b193041336F9ad61387',
        StringListValues: [],
        BinaryListValues: [],
        DataType: 'String' },
     timeout: 
      { StringValue: '0',
        StringListValues: [],
        BinaryListValues: [],
        DataType: 'Number' } } }
2018-05-12T12:16:03.276Z - error: MySQL Error:Error: Handshake inactivity timeout
2018-05-12T12:16:03.282Z - error: Error checking if already processed:{ MessageId: 'd00c5016-3c73-4d54-bdff-ca9ed0135f7f',
  ReceiptHandle: 'AQEBKp1/WpsoHCRsSdq+ugiNUIqTvHlIBBt2h1vnlHNb+y3p2qG/f/2lyJ0WKxzJPcxXYPBaZlFcWqmU58PhhLDkDjwZl7iX80JGiBYTCZeYzGJtlZQcPaInd6JIXEZDxnZsbTtsSS1dK2VmzMaGhn2AXTf4a4pp+axrMOjWQeVVR8V6eX/ks9JxNfxOdqQUu9c8yLYJde490P955DbPr/qEUMyCHEWcr98UUtUyhfUzuV6VD54ufsIlGRRH67BFcZGJDEtVpA3uPGHzDl9/HZ9JFqmuDEn+FI1mZsFDkdjDpeDFD6/PfWOheim0uWlEmk2EJAR7yG5sLegbeovBsOY5be7v3eI/ymbjHa9J76prU/od4Frpu2ZfNg99XVPfMcZ57WE7mmWJtui+aodUplDEOw==',
  MD5OfBody: '2f7bb0b51e6158eace565bebc57dbd3c',
  Body: 'setRandomTriger_event',
  Attributes: { SentTimestamp: '1526126575384' },
  MD5OfMessageAttributes: '495072dba75fb0905709c181d279b537',
  MessageAttributes: 
   { blockNumber: 
      { StringValue: '2265486',
        StringListValues: [],
        BinaryListValues: [],
        DataType: 'Number' },
     callback_method: 
      { StringValue: 'randomNumberCallback',
        StringListValues: [],
        BinaryListValues: [],
        DataType: 'String' },
     external_params: 
      { StringValue: 'int',
        StringListValues: [],
        BinaryListValues: [],
        DataType: 'String' },
     external_url: 
      { StringValue: '.',
        StringListValues: [],
        BinaryListValues: [],
        DataType: 'String' },
     param1: 
      { StringValue: '0',
        StringListValues: [],
        BinaryListValues: [],
        DataType: 'String' },
     param2: 
      { StringValue: '100',
        StringListValues: [],
        BinaryListValues: [],
        DataType: 'String' },
     reward: 
      { StringValue: '100',
        StringListValues: [],
        BinaryListValues: [],
        DataType: 'Number' },
     sender: 
      { StringValue: '0xfa8f6F12F719fa2046EC2b193041336F9ad61387',
        StringListValues: [],
        BinaryListValues: [],
        DataType: 'String' },
     timeout: 
      { StringValue: '0',
        StringListValues: [],
        BinaryListValues: [],
        DataType: 'Number' } } }
2018-05-12T12:16:24.140Z - error: MySQL Error:Error: Handshake inactivity timeout
2018-05-12T12:16:24.145Z - error: Error checking if already processed:{ MessageId: 'd00c5016-3c73-4d54-bdff-ca9ed0135f7f',
  ReceiptHandle: 'AQEBxEEoVPAaX29xQQ1ch5xrYFlDVo5qpJJNyH2OYnchWAIYb7mZ0D5jiFltBu1zG/zG2u+DALuaoXKVNcIBgAJ6ZRNHCUzO2OpETMedBAQLbjELSFpLPQRFKeQppo8Oxkpc+B91Qejt5D2dnQrAOKawRcv3+pZ4hb5xzE9rpW5Rhd91ry9adhDJFmQoAvVq2ryF4RYZ2LAw9dE9CBGfEGcIPf5ACYpx5V34ZoaXJY23fnbEgFs1Bd2ZYr5+rN7vqeIYPp8DX6/N6ZR4zflFKjAfE7jLwE6LF/FNDT7OvNYp9hFtdnXx/jfmuOW7kKAuAfTvumP2NP4sCW74taqa5i+/k/WlWh0SoCopGvx3yrUW1W7rK44c5n/hywZ3QwiLOd8xNEMt/5GaYlQaxq8t9zQN6w==',
  MD5OfBody: '2f7bb0b51e6158eace565bebc57dbd3c',
  Body: 'setRandomTriger_event',
  Attributes: { SentTimestamp: '1526126575384' },
  MD5OfMessageAttributes: '495072dba75fb0905709c181d279b537',
  MessageAttributes: 
   { blockNumber: 
      { StringValue: '2265486',
        StringListValues: [],
        BinaryListValues: [],
        DataType: 'Number' },
     callback_method: 
      { StringValue: 'randomNumberCallback',
        StringListValues: [],
        BinaryListValues: [],
        DataType: 'String' },
     external_params: 
      { StringValue: 'int',
        StringListValues: [],
        BinaryListValues: [],
        DataType: 'String' },
     external_url: 
      { StringValue: '.',
        StringListValues: [],
        BinaryListValues: [],
        DataType: 'String' },
     param1: 
      { StringValue: '0',
        StringListValues: [],
        BinaryListValues: [],
        DataType: 'String' },
     param2: 
      { StringValue: '100',
        StringListValues: [],
        BinaryListValues: [],
        DataType: 'String' },
     reward: 
      { StringValue: '100',
        StringListValues: [],
        BinaryListValues: [],
        DataType: 'Number' },
     sender: 
      { StringValue: '0xfa8f6F12F719fa2046EC2b193041336F9ad61387',
        StringListValues: [],
        BinaryListValues: [],
        DataType: 'String' },
     timeout: 
      { StringValue: '0',
        StringListValues: [],
        BinaryListValues: [],
        DataType: 'Number' } } }
2018-05-12T12:18:34.101Z - error: Error checking if already processed:{ MessageId: 'e562bd36-9792-445b-886a-d9e0ddb11421',
  ReceiptHandle: 'AQEBuu0Tj3A8A6oYPOqRhbfJ3FD1ETRv4laGEpm7SWhWzO8aMPi3iqljT3Li2c+3Q1R2rsiyeHTeyZRzIn5d/Cic5B4EoBBk424k/kf7U3Du5470YgeWE7YNsmfQyPP3Qbp9hbCAHozcfcvR8DIf2Sp9eHPzIm2tqjOtOJINI2cFyEpKCReYYkLFqmusOkkK2iHw3JF8FyU4STYfYtdnVY0gLi8UIdHoRR5yvucOutLqwzFfHt9vZV9ztK5uLOIwcGhyaCyf2RarruSNVd0CcojCMQfXhu96k4tlx174ORHgIe5MWq+ZeLYl9Gt9Z3/TwNxtO8mIKwsD7bCN+TMCc+qUsFSIEK93rHdj7hQA33YdjCn6wkL/jwEVY2cpT2A4VYFDL1Z32O/WMtquUe1Itp7mVw==',
  MD5OfBody: '2f7bb0b51e6158eace565bebc57dbd3c',
  Body: 'setRandomTriger_event',
  Attributes: { SentTimestamp: '1526126575390' },
  MD5OfMessageAttributes: 'b9949337f3c021985df8685217b336ea',
  MessageAttributes: 
   { blockNumber: 
      { StringValue: '2265698',
        StringListValues: [],
        BinaryListValues: [],
        DataType: 'Number' },
     callback_method: 
      { StringValue: 'randomNumberCallback',
        StringListValues: [],
        BinaryListValues: [],
        DataType: 'String' },
     external_params: 
      { StringValue: 'int',
        StringListValues: [],
        BinaryListValues: [],
        DataType: 'String' },
     external_url: 
      { StringValue: '.',
        StringListValues: [],
        BinaryListValues: [],
        DataType: 'String' },
     param1: 
      { StringValue: '0',
        StringListValues: [],
        BinaryListValues: [],
        DataType: 'String' },
     param2: 
      { StringValue: '100',
        StringListValues: [],
        BinaryListValues: [],
        DataType: 'String' },
     reward: 
      { StringValue: '100',
        StringListValues: [],
        BinaryListValues: [],
        DataType: 'Number' },
     sender: 
      { StringValue: '0xfa8f6F12F719fa2046EC2b193041336F9ad61387',
        StringListValues: [],
        BinaryListValues: [],
        DataType: 'String' },
     timeout: 
      { StringValue: '0',
        StringListValues: [],
        BinaryListValues: [],
        DataType: 'Number' } } }
2018-05-12T12:18:35.705Z - error: Error checking if already processed:{ MessageId: 'd00c5016-3c73-4d54-bdff-ca9ed0135f7f',
  ReceiptHandle: 'AQEBdcaHZwsAP754JG4l+3FSO7aZFsE+YvyUx3+aFmff9obD1JmsBh5o00J2yJAd5F8yyCXlDiGUDQNMP++IYOdVG2wOkyzhN9y83Zpm69cfJdpnOdPWtXXSW3xsrW2QiQpGBHvqol0cIR3yNWFIZBawmMx0XGVJcLt/moVZfOejsB1NCSHfMGv0zCd2juS3wVHENp0Y22JTrjgYw9QAQVTgSn6j/9LrzCJ+kcSnnVTFOnWK8DdL48a2GGaLK19fQiYMq7aYN0Xpvvc+zAB6Bl9H0S44lTdFa4xCctv0fLsk8DJAyUdcM1tk6JU4F72SRkHGliF5JfMsQ3kp/OCx2iCBe/wCndr3v2t79ajLx5P2fjd00rKee4ubYJMP5p5xklTRJxxeh/mU5JYJH8VEg8+v3A==',
  MD5OfBody: '2f7bb0b51e6158eace565bebc57dbd3c',
  Body: 'setRandomTriger_event',
  Attributes: { SentTimestamp: '1526126575384' },
  MD5OfMessageAttributes: '495072dba75fb0905709c181d279b537',
  MessageAttributes: 
   { blockNumber: 
      { StringValue: '2265486',
        StringListValues: [],
        BinaryListValues: [],
        DataType: 'Number' },
     callback_method: 
      { StringValue: 'randomNumberCallback',
        StringListValues: [],
        BinaryListValues: [],
        DataType: 'String' },
     external_params: 
      { StringValue: 'int',
        StringListValues: [],
        BinaryListValues: [],
        DataType: 'String' },
     external_url: 
      { StringValue: '.',
        StringListValues: [],
        BinaryListValues: [],
        DataType: 'String' },
     param1: 
      { StringValue: '0',
        StringListValues: [],
        BinaryListValues: [],
        DataType: 'String' },
     param2: 
      { StringValue: '100',
        StringListValues: [],
        BinaryListValues: [],
        DataType: 'String' },
     reward: 
      { StringValue: '100',
        StringListValues: [],
        BinaryListValues: [],
        DataType: 'Number' },
     sender: 
      { StringValue: '0xfa8f6F12F719fa2046EC2b193041336F9ad61387',
        StringListValues: [],
        BinaryListValues: [],
        DataType: 'String' },
     timeout: 
      { StringValue: '0',
        StringListValues: [],
        BinaryListValues: [],
        DataType: 'Number' } } }
2018-05-12T12:18:37.265Z - error: Error checking if already processed:{ MessageId: 'e562bd36-9792-445b-886a-d9e0ddb11421',
  ReceiptHandle: 'AQEBPpeGM1wbpI8rsmxnANX9Ys0O4LnlnGYjjuEOWp4UX3yQpl+xQWk1eb7I6i/kG+ZcvoOJTPguhH3dAO9MdZ8c87PqIasfmJwFbOgXu5PZmHTVbSAve/hsXRMmj1AK5K/BESBLurD25N5RruBow4ePfWoxEy8ouwNIxKXlMqwrsT4LItdS05YwlUtNIdKeEQZuZbaZvfsgPjKuHv4jX4MeB+bR8E4qwlCsINCcjRwJtZVi2oXiub4RDqVmsStiuyTNYZ1qnAfHaQTCdVoeMF39EdMH0X7s0+Bf3NSKP5gAWRQJ0v90TkvJKVEgY7z5m8pclB2QzrTh//LtjI3UJ6Nhzl2fp0PZ0qaFZmrrwpVYKr40RWPd7r26W2VwyfaMbp8UlRbFZHZ/2g+AijxglwNHJg==',
  MD5OfBody: '2f7bb0b51e6158eace565bebc57dbd3c',
  Body: 'setRandomTriger_event',
  Attributes: { SentTimestamp: '1526126575390' },
  MD5OfMessageAttributes: 'b9949337f3c021985df8685217b336ea',
  MessageAttributes: 
   { blockNumber: 
      { StringValue: '2265698',
        StringListValues: [],
        BinaryListValues: [],
        DataType: 'Number' },
     callback_method: 
      { StringValue: 'randomNumberCallback',
        StringListValues: [],
        BinaryListValues: [],
        DataType: 'String' },
     external_params: 
      { StringValue: 'int',
        StringListValues: [],
        BinaryListValues: [],
        DataType: 'String' },
     external_url: 
      { StringValue: '.',
        StringListValues: [],
        BinaryListValues: [],
        DataType: 'String' },
     param1: 
      { StringValue: '0',
        StringListValues: [],
        BinaryListValues: [],
        DataType: 'String' },
     param2: 
      { StringValue: '100',
        StringListValues: [],
        BinaryListValues: [],
        DataType: 'String' },
     reward: 
      { StringValue: '100',
        StringListValues: [],
        BinaryListValues: [],
        DataType: 'Number' },
     sender: 
      { StringValue: '0xfa8f6F12F719fa2046EC2b193041336F9ad61387',
        StringListValues: [],
        BinaryListValues: [],
        DataType: 'String' },
     timeout: 
      { StringValue: '0',
        StringListValues: [],
        BinaryListValues: [],
        DataType: 'Number' } } }
2018-05-12T12:18:38.857Z - error: Error checking if already processed:{ MessageId: 'e562bd36-9792-445b-886a-d9e0ddb11421',
  ReceiptHandle: 'AQEBEhjtraVyNP4hSGOWNbm0pBpRfDoaG4r5oCp+kFVSUv8VOLh3lTBk1cDWWIe8rpPsCFa9O1QMZJwxmx1XbYN1MB4Kjzie4XJC4jY4OpWUV0GD/I5866usIxAVwFff9C1psKI3OfWtT6ZQdGueXFOe94TavNzK3PRKuFC/SOAJXzJkuaE4XHaoVQqS6sMhmyaL/GMDV95Aw9tmNuRscin9fbXPqmrsM8XSD1Kw28rMzDP4xdazgyw6svc5ZRR+CEytKzvpKiWfnmUypRdu76g4dpfzdW8DHXoiZJbf+K+IUTiD80veOJ5WJEaXXQQW8ynZPd/J2RNzA1s2gE1tFVXXxLT7VAEF1avV2hZlrYyH3WolMij3AZeSRIeQBC2z2dweTt2CNzMEFzBLKYvPzkQiaQ==',
  MD5OfBody: '2f7bb0b51e6158eace565bebc57dbd3c',
  Body: 'setRandomTriger_event',
  Attributes: { SentTimestamp: '1526126575390' },
  MD5OfMessageAttributes: 'b9949337f3c021985df8685217b336ea',
  MessageAttributes: 
   { blockNumber: 
      { StringValue: '2265698',
        StringListValues: [],
        BinaryListValues: [],
        DataType: 'Number' },
     callback_method: 
      { StringValue: 'randomNumberCallback',
        StringListValues: [],
        BinaryListValues: [],
        DataType: 'String' },
     external_params: 
      { StringValue: 'int',
        StringListValues: [],
        BinaryListValues: [],
        DataType: 'String' },
     external_url: 
      { StringValue: '.',
        StringListValues: [],
        BinaryListValues: [],
        DataType: 'String' },
     param1: 
      { StringValue: '0',
        StringListValues: [],
        BinaryListValues: [],
        DataType: 'String' },
     param2: 
      { StringValue: '100',
        StringListValues: [],
        BinaryListValues: [],
        DataType: 'String' },
     reward: 
      { StringValue: '100',
        StringListValues: [],
        BinaryListValues: [],
        DataType: 'Number' },
     sender: 
      { StringValue: '0xfa8f6F12F719fa2046EC2b193041336F9ad61387',
        StringListValues: [],
        BinaryListValues: [],
        DataType: 'String' },
     timeout: 
      { StringValue: '0',
        StringListValues: [],
        BinaryListValues: [],
        DataType: 'Number' } } }
2018-05-12T12:18:40.383Z - error: Error checking if already processed:{ MessageId: 'd00c5016-3c73-4d54-bdff-ca9ed0135f7f',
  ReceiptHandle: 'AQEBj+fIgYiKpfSyUuwSXPYMsteS7N/B0U4zT++TiL7fhnMhAWSpzPPqUBYJWBGY6TcwM2num90ywrdBkmUH0nGlJOyW3wf49ifmHqXs8ZFAmGZRZ1hR8YQ39vSJIPihUtj6ttPi26qLnqyeC580+Gd2EN2k2R8MT6GBcuSaNpu+OPsJQo4DetacvNOIBYpjzhSbrqI87uBvmgBMDMh8EfkKAghCzMbxWOpObCvhQJwxHoP93UqOWQrQSqsvM6fb9+6sf+GsCbduQFwba8A5UNjSkfy/5mRYZ701trPJbvSIZ/31LyKaA3V5uhvsqaoY3CRLlxOCTbpIV/ubO4oMSh4yLNjiXov97m/3ZWZnepHhJFcffUX0//uizT+rcND4dvLPEqhSX0qjAs9qHKylveMxJg==',
  MD5OfBody: '2f7bb0b51e6158eace565bebc57dbd3c',
  Body: 'setRandomTriger_event',
  Attributes: { SentTimestamp: '1526126575384' },
  MD5OfMessageAttributes: '495072dba75fb0905709c181d279b537',
  MessageAttributes: 
   { blockNumber: 
      { StringValue: '2265486',
        StringListValues: [],
        BinaryListValues: [],
        DataType: 'Number' },
     callback_method: 
      { StringValue: 'randomNumberCallback',
        StringListValues: [],
        BinaryListValues: [],
        DataType: 'String' },
     external_params: 
      { StringValue: 'int',
        StringListValues: [],
        BinaryListValues: [],
        DataType: 'String' },
     external_url: 
      { StringValue: '.',
        StringListValues: [],
        BinaryListValues: [],
        DataType: 'String' },
     param1: 
      { StringValue: '0',
        StringListValues: [],
        BinaryListValues: [],
        DataType: 'String' },
     param2: 
      { StringValue: '100',
        StringListValues: [],
        BinaryListValues: [],
        DataType: 'String' },
     reward: 
      { StringValue: '100',
        StringListValues: [],
        BinaryListValues: [],
        DataType: 'Number' },
     sender: 
      { StringValue: '0xfa8f6F12F719fa2046EC2b193041336F9ad61387',
        StringListValues: [],
        BinaryListValues: [],
        DataType: 'String' },
     timeout: 
      { StringValue: '0',
        StringListValues: [],
        BinaryListValues: [],
        DataType: 'Number' } } }
2018-05-12T12:18:41.939Z - error: Error checking if already processed:{ MessageId: 'e562bd36-9792-445b-886a-d9e0ddb11421',
  ReceiptHandle: 'AQEBvmepgV2XZ3xuBuQgse97STKB969q5e4XD9qn5v7wUouxj+Z2DQVY18rKaJV271wY+VnIo0NPgFVnfH0Q6hBaAYmLezOk6wbl/dc9MDLLGZ+FMQeikxeamDtNVIAJJ5fRrtA1guX0eKb1/2E1OfU3Z2Ac0+9xUypaqiJxWgc6KGnRmS97AmGPe2opZqlA75IYCs+Ae3DgAlwvVFUgxkvUI7NxzDTHPNY0dKNdF14MQjiZGHB21YxUFr2rx/9UaIqc01p88osKDOTPUh0Cb/ToseukBZzj4VDb0HpiixSKT7wkzx9eySwGdmFfVODjf2aO/9TrEjOzDR8LCZgf85yfA3eetFSApCmbjkp998QFObTU2lMXCi/wpuq2Ts5cjogWrUkmIOkx71OTLs8pvShEtQ==',
  MD5OfBody: '2f7bb0b51e6158eace565bebc57dbd3c',
  Body: 'setRandomTriger_event',
  Attributes: { SentTimestamp: '1526126575390' },
  MD5OfMessageAttributes: 'b9949337f3c021985df8685217b336ea',
  MessageAttributes: 
   { blockNumber: 
      { StringValue: '2265698',
        StringListValues: [],
        BinaryListValues: [],
        DataType: 'Number' },
     callback_method: 
      { StringValue: 'randomNumberCallback',
        StringListValues: [],
        BinaryListValues: [],
        DataType: 'String' },
     external_params: 
      { StringValue: 'int',
        StringListValues: [],
        BinaryListValues: [],
        DataType: 'String' },
     external_url: 
      { StringValue: '.',
        StringListValues: [],
        BinaryListValues: [],
        DataType: 'String' },
     param1: 
      { StringValue: '0',
        StringListValues: [],
        BinaryListValues: [],
        DataType: 'String' },
     param2: 
      { StringValue: '100',
        StringListValues: [],
        BinaryListValues: [],
        DataType: 'String' },
     reward: 
      { StringValue: '100',
        StringListValues: [],
        BinaryListValues: [],
        DataType: 'Number' },
     sender: 
      { StringValue: '0xfa8f6F12F719fa2046EC2b193041336F9ad61387',
        StringListValues: [],
        BinaryListValues: [],
        DataType: 'String' },
     timeout: 
      { StringValue: '0',
        StringListValues: [],
        BinaryListValues: [],
        DataType: 'Number' } } }
2018-05-12T12:18:43.469Z - error: Error checking if already processed:{ MessageId: 'd00c5016-3c73-4d54-bdff-ca9ed0135f7f',
  ReceiptHandle: 'AQEBnZnUQfUvFbU0S0bmKI1vuXgNManeQngGiW2l4+EpSqj37UOJZlTuheGJzemXenbKCw2WMpQSpOFvyYCysJCPD7G5J3Fi0sLtm8RPC/UP1q9sH/DY1g+SgWobNsaQpCJAITjI7bwP7SctEShcVHs9t/P5wlMAEMKTMX6x3LCctpUU55YREjQIbjkeFyeb0yP8oQZej0aEQvoKyQD6cunLlW7OZrHtv/M5YKwlrVONrrGwUx4hLC1xYZ0I44TiwRCYckawDhXQ7qBWWSeoWR4CABl1Y0z1/8gJ1Hh6ziXEFiz0lZQYazGixkwG4LDuWtZuz0QK8V/N6mlTjWxQsalsA44eWQhX681NFjJRFY/i6f458fieNKSxX7wzSrJ/SutjQpiwdh8g4/qgisN5/Sx4PA==',
  MD5OfBody: '2f7bb0b51e6158eace565bebc57dbd3c',
  Body: 'setRandomTriger_event',
  Attributes: { SentTimestamp: '1526126575384' },
  MD5OfMessageAttributes: '495072dba75fb0905709c181d279b537',
  MessageAttributes: 
   { blockNumber: 
      { StringValue: '2265486',
        StringListValues: [],
        BinaryListValues: [],
        DataType: 'Number' },
     callback_method: 
      { StringValue: 'randomNumberCallback',
        StringListValues: [],
        BinaryListValues: [],
        DataType: 'String' },
     external_params: 
      { StringValue: 'int',
        StringListValues: [],
        BinaryListValues: [],
        DataType: 'String' },
     external_url: 
      { StringValue: '.',
        StringListValues: [],
        BinaryListValues: [],
        DataType: 'String' },
     param1: 
      { StringValue: '0',
        StringListValues: [],
        BinaryListValues: [],
        DataType: 'String' },
     param2: 
      { StringValue: '100',
        StringListValues: [],
        BinaryListValues: [],
        DataType: 'String' },
     reward: 
      { StringValue: '100',
        StringListValues: [],
        BinaryListValues: [],
        DataType: 'Number' },
     sender: 
      { StringValue: '0xfa8f6F12F719fa2046EC2b193041336F9ad61387',
        StringListValues: [],
        BinaryListValues: [],
        DataType: 'String' },
     timeout: 
      { StringValue: '0',
        StringListValues: [],
        BinaryListValues: [],
        DataType: 'Number' } } }
2018-05-12T12:18:45.044Z - error: Error checking if already processed:{ MessageId: 'e562bd36-9792-445b-886a-d9e0ddb11421',
  ReceiptHandle: 'AQEBMoimhQ2Vv50m8/CJLZTKwoNqwdU6SAQgw3jH4WAHMhZ0DKXSilYMNeEEi2rzMnmuzgOpKwsKF4ETTtIvkfx14vrdiIu/67zf162tCVgRypVFST6BEQ7Yu+FNhivc0Ok6FdZOsMgke8YG14i/MX6jioqff3Pk1/MfnMZpkFO7pnI7OTnE2Iln2+XwXGnu9rQ1DE/dMbk7DBTkc618fpvee+WAy3JTyw+WUqXM6GB0FQwyus1x4XlSn+cGxsoXs2a1R1qp0rf/G+uIm+WZJy8Zso169OyTX4/pCtZR9D1Ilhm41f2kxgV6TqYMQYFu1B3T7kzMVeTPKl74yZF4RphiN+mfePQeDzBXpvDIrsQcaMA6V3uny4JbdnCL2Sjh1nGysWdSsa7UQPh/mUlVYXQw9Q==',
  MD5OfBody: '2f7bb0b51e6158eace565bebc57dbd3c',
  Body: 'setRandomTriger_event',
  Attributes: { SentTimestamp: '1526126575390' },
  MD5OfMessageAttributes: 'b9949337f3c021985df8685217b336ea',
  MessageAttributes: 
   { blockNumber: 
      { StringValue: '2265698',
        StringListValues: [],
        BinaryListValues: [],
        DataType: 'Number' },
     callback_method: 
      { StringValue: 'randomNumberCallback',
        StringListValues: [],
        BinaryListValues: [],
        DataType: 'String' },
     external_params: 
      { StringValue: 'int',
        StringListValues: [],
        BinaryListValues: [],
        DataType: 'String' },
     external_url: 
      { StringValue: '.',
        StringListValues: [],
        BinaryListValues: [],
        DataType: 'String' },
     param1: 
      { StringValue: '0',
        StringListValues: [],
        BinaryListValues: [],
        DataType: 'String' },
     param2: 
      { StringValue: '100',
        StringListValues: [],
        BinaryListValues: [],
        DataType: 'String' },
     reward: 
      { StringValue: '100',
        StringListValues: [],
        BinaryListValues: [],
        DataType: 'Number' },
     sender: 
      { StringValue: '0xfa8f6F12F719fa2046EC2b193041336F9ad61387',
        StringListValues: [],
        BinaryListValues: [],
        DataType: 'String' },
     timeout: 
      { StringValue: '0',
        StringListValues: [],
        BinaryListValues: [],
        DataType: 'Number' } } }
2018-05-12T12:18:46.511Z - error: Error checking if already processed:{ MessageId: 'e562bd36-9792-445b-886a-d9e0ddb11421',
  ReceiptHandle: 'AQEBEIELRx/uGT5WU5eC8yRT9mSNtn+9XElD5tS5i3XpLQ6s1vmnFXBfmfHtLEYaEcg0+zIbSxl2j4XafDGGF1RzghXxvrhefE0d6P10qCeAtjeQQdIUTlhS2hJb4ae3Ecb2mkQ1TV6QPfxBjNPEl2HmMaQcK8PiK8NQZi3qL/zB9FqZeDFrbGYAMFaWpC0EKn2/fM0TRadIsvcdori/CxmuBW28VW2pG4GC2a24mzqcAweIlTTQtGiU3e69UwM1Jr/5McNXEIguqHdI12iEe8iqp3R5+BQ37HAaG2LortMwt01u07esS1p2GwHct0ndPTvZpfyNT3HZElBWb0YushZ4EqV0o8TarDLuozfdUPxRo2O1tgq/YJJk1C/B6pi0OhwIQegTT+PS22dJMVRSyelkag==',
  MD5OfBody: '2f7bb0b51e6158eace565bebc57dbd3c',
  Body: 'setRandomTriger_event',
  Attributes: { SentTimestamp: '1526126575390' },
  MD5OfMessageAttributes: 'b9949337f3c021985df8685217b336ea',
  MessageAttributes: 
   { blockNumber: 
      { StringValue: '2265698',
        StringListValues: [],
        BinaryListValues: [],
        DataType: 'Number' },
     callback_method: 
      { StringValue: 'randomNumberCallback',
        StringListValues: [],
        BinaryListValues: [],
        DataType: 'String' },
     external_params: 
      { StringValue: 'int',
        StringListValues: [],
        BinaryListValues: [],
        DataType: 'String' },
     external_url: 
      { StringValue: '.',
        StringListValues: [],
        BinaryListValues: [],
        DataType: 'String' },
     param1: 
      { StringValue: '0',
        StringListValues: [],
        BinaryListValues: [],
        DataType: 'String' },
     param2: 
      { StringValue: '100',
        StringListValues: [],
        BinaryListValues: [],
        DataType: 'String' },
     reward: 
      { StringValue: '100',
        StringListValues: [],
        BinaryListValues: [],
        DataType: 'Number' },
     sender: 
      { StringValue: '0xfa8f6F12F719fa2046EC2b193041336F9ad61387',
        StringListValues: [],
        BinaryListValues: [],
        DataType: 'String' },
     timeout: 
      { StringValue: '0',
        StringListValues: [],
        BinaryListValues: [],
        DataType: 'Number' } } }
2018-05-12T12:18:47.953Z - error: Error checking if already processed:{ MessageId: 'e562bd36-9792-445b-886a-d9e0ddb11421',
  ReceiptHandle: 'AQEBR8NtwSRIqDZPRRiSiQjcz+t/ijznjKJh7fVe0Ys00wFsG/7uQBmvePB1Z/n4/JXe8vJniEQEyr+diurnmtPYo2wcQTxEvGimH/PB0zt26FllOQJKs3ivzNKIMgijgN+3eK+RgxrfnjDXHMF0+XS9BEikKej3/ajAJI09nl0cI6OzE5ayg+LOcY+NKVH1RztnPQqiAM6s+uinvklIw+G33uulDQez47jGNtu/DYA1LjSpqHv8Pa+emV1LEcsRwRxBNtNgprvpb6DqinQs3vdjSZbFFNHjK/gHGYafDoCPSXJTz9qwSQIqIv6maLNpj6ImaDTBtKZsLhSTGdtZkLQN9mvlPVgxWtUnU2iQjQHeXmrWmD0cxcGEzRI+iW/iX3jTrwEJjceMukzLBhPsXyAoNQ==',
  MD5OfBody: '2f7bb0b51e6158eace565bebc57dbd3c',
  Body: 'setRandomTriger_event',
  Attributes: { SentTimestamp: '1526126575390' },
  MD5OfMessageAttributes: 'b9949337f3c021985df8685217b336ea',
  MessageAttributes: 
   { blockNumber: 
      { StringValue: '2265698',
        StringListValues: [],
        BinaryListValues: [],
        DataType: 'Number' },
     callback_method: 
      { StringValue: 'randomNumberCallback',
        StringListValues: [],
        BinaryListValues: [],
        DataType: 'String' },
     external_params: 
      { StringValue: 'int',
        StringListValues: [],
        BinaryListValues: [],
        DataType: 'String' },
     external_url: 
      { StringValue: '.',
        StringListValues: [],
        BinaryListValues: [],
        DataType: 'String' },
     param1: 
      { StringValue: '0',
        StringListValues: [],
        BinaryListValues: [],
        DataType: 'String' },
     param2: 
      { StringValue: '100',
        StringListValues: [],
        BinaryListValues: [],
        DataType: 'String' },
     reward: 
      { StringValue: '100',
        StringListValues: [],
        BinaryListValues: [],
        DataType: 'Number' },
     sender: 
      { StringValue: '0xfa8f6F12F719fa2046EC2b193041336F9ad61387',
        StringListValues: [],
        BinaryListValues: [],
        DataType: 'String' },
     timeout: 
      { StringValue: '0',
        StringListValues: [],
        BinaryListValues: [],
        DataType: 'Number' } } }
2018-05-12T12:27:58.632Z - error: Error checking if already processed:{ MessageId: 'e562bd36-9792-445b-886a-d9e0ddb11421',
  ReceiptHandle: 'AQEB1SIaYIrC4YJ205C1H7uROeuJAegLIsJSsMsGsFWXS1uSK6W2UhgVObh8w33adjELBU+gsLqsfTnfn2c68m7g97y9sg6nHw5fp8USanlQtn3gwSun5BBMATB0JNChdmJ/WRUOiMuRgGbJFTNAp1PsLtLSnKLs8Jg9khGcG4zQRUqBm0T9RpWxG7EySLD6pIKPvni9OmL5+RfyElc/2A6qrlV3W68zZ4gx38kk3T7+9qAzsZbDyLOGN1r9K85Gca5Ch4rkeFIFzjfbbK+jUN9Q+HQPAAOqzWF/1iayomIfiz0F/5EQ8g7IzGBRQLGzuKZGwdE6qCG4V8MCYfxu5MlWdciHtByA4G1cEfKsj8OJM0fy1C6AK25+GH3FsyaZkalmy3DbZ28pp9OGuq7OvTzowg==',
  MD5OfBody: '2f7bb0b51e6158eace565bebc57dbd3c',
  Body: 'setRandomTriger_event',
  Attributes: { SentTimestamp: '1526126575390' },
  MD5OfMessageAttributes: 'b9949337f3c021985df8685217b336ea',
  MessageAttributes: 
   { blockNumber: 
      { StringValue: '2265698',
        StringListValues: [],
        BinaryListValues: [],
        DataType: 'Number' },
     callback_method: 
      { StringValue: 'randomNumberCallback',
        StringListValues: [],
        BinaryListValues: [],
        DataType: 'String' },
     external_params: 
      { StringValue: 'int',
        StringListValues: [],
        BinaryListValues: [],
        DataType: 'String' },
     external_url: 
      { StringValue: '.',
        StringListValues: [],
        BinaryListValues: [],
        DataType: 'String' },
     param1: 
      { StringValue: '0',
        StringListValues: [],
        BinaryListValues: [],
        DataType: 'String' },
     param2: 
      { StringValue: '100',
        StringListValues: [],
        BinaryListValues: [],
        DataType: 'String' },
     reward: 
      { StringValue: '100',
        StringListValues: [],
        BinaryListValues: [],
        DataType: 'Number' },
     sender: 
      { StringValue: '0xfa8f6F12F719fa2046EC2b193041336F9ad61387',
        StringListValues: [],
        BinaryListValues: [],
        DataType: 'String' },
     timeout: 
      { StringValue: '0',
        StringListValues: [],
        BinaryListValues: [],
        DataType: 'Number' } } }
2018-05-12T12:28:00.188Z - error: Error checking if already processed:{ MessageId: 'd00c5016-3c73-4d54-bdff-ca9ed0135f7f',
  ReceiptHandle: 'AQEBxL+sYJU11oxCey4L+fvBO1DyNR4OrTthjEZHVYzhI7ReG7rsCof85ta7UL/7ktVWWhxmELCggXop2wnJC8X+6dxO+scDqa0rdkd7XM7dKUTaD3hcI23GtGLR7iQGRqJ5pPb4qSCBF8knjm9j7n5rooTU6NKnkaCtpVkJDYVhBoxH8w7QXySar/KmurY03+/LWwmUOIjeicbr0cW5oOJzEmjDPshhM8y0TyvBIZV43RpYrOrXt5Run+HEZjnnVjjGT6gZ1ye5+a9oZQPNjfhkMzxYgjicxiMJ4GSJvPtTuT64sIKvRENDPHL8zQZAzaaaZWznJjiNPOt57Xf8okVSGthUZ02UajO7/2UEDYqtltz/O1hzb2wykAdmuZAvkDMObfBwn4VmDM4YN9QoK4eDpw==',
  MD5OfBody: '2f7bb0b51e6158eace565bebc57dbd3c',
  Body: 'setRandomTriger_event',
  Attributes: { SentTimestamp: '1526126575384' },
  MD5OfMessageAttributes: '495072dba75fb0905709c181d279b537',
  MessageAttributes: 
   { blockNumber: 
      { StringValue: '2265486',
        StringListValues: [],
        BinaryListValues: [],
        DataType: 'Number' },
     callback_method: 
      { StringValue: 'randomNumberCallback',
        StringListValues: [],
        BinaryListValues: [],
        DataType: 'String' },
     external_params: 
      { StringValue: 'int',
        StringListValues: [],
        BinaryListValues: [],
        DataType: 'String' },
     external_url: 
      { StringValue: '.',
        StringListValues: [],
        BinaryListValues: [],
        DataType: 'String' },
     param1: 
      { StringValue: '0',
        StringListValues: [],
        BinaryListValues: [],
        DataType: 'String' },
     param2: 
      { StringValue: '100',
        StringListValues: [],
        BinaryListValues: [],
        DataType: 'String' },
     reward: 
      { StringValue: '100',
        StringListValues: [],
        BinaryListValues: [],
        DataType: 'Number' },
     sender: 
      { StringValue: '0xfa8f6F12F719fa2046EC2b193041336F9ad61387',
        StringListValues: [],
        BinaryListValues: [],
        DataType: 'String' },
     timeout: 
      { StringValue: '0',
        StringListValues: [],
        BinaryListValues: [],
        DataType: 'Number' } } }
2018-05-12T12:28:01.865Z - error: Error checking if already processed:{ MessageId: 'a56d1ddf-fb41-4c7b-bef7-1e7f9df6ca2f',
  ReceiptHandle: 'AQEBJ39TZuEnCRWTR6IaEt9QEaqy5xREjI5moB2uMSjkpdMIUdddbt4SKSvdbM9QDDK0vcSSnkZuUjCLTq4pB3CTlXSSsRR/q1A/bjb7had99ej3yIWgi67o1narpgdUce4n3AA43TJt8tNc7DOHqbKDzT7y+1pvw3Vyo8ugoLLCwKo1Es0erF82O7CzgdlzKBIZx0Y0vjklOMg9b8LF1QbqmkpdoRcuiiCrJCslO6+NzVxYBlAyOPoKtFV/iQJv6g+0y2UGka6kM8zvmpxrSGj0BRfY+qdksijXuNJVC4bwz7dn+HqHmMmseGuX3oAaTUB8sbX+9rrkjgJmok/vHPWwIjeZkrb2FVanxkth7/r708pQvRliSbZNyFAYAGVA594ic2NJeva9eUgPQfcedppSSg==',
  MD5OfBody: '2f7bb0b51e6158eace565bebc57dbd3c',
  Body: 'setRandomTriger_event',
  Attributes: { SentTimestamp: '1526126575393' },
  MD5OfMessageAttributes: '32295fb6d5e732cc01f302bf6fbd1e03',
  MessageAttributes: 
   { blockNumber: 
      { StringValue: '2265488',
        StringListValues: [],
        BinaryListValues: [],
        DataType: 'Number' },
     callback_method: 
      { StringValue: 'randomStringCallback',
        StringListValues: [],
        BinaryListValues: [],
        DataType: 'String' },
     external_params: 
      { StringValue: 'str',
        StringListValues: [],
        BinaryListValues: [],
        DataType: 'String' },
     external_url: 
      { StringValue: '.',
        StringListValues: [],
        BinaryListValues: [],
        DataType: 'String' },
     param1: 
      { StringValue: '100',
        StringListValues: [],
        BinaryListValues: [],
        DataType: 'String' },
     param2: 
      { StringValue: '0',
        StringListValues: [],
        BinaryListValues: [],
        DataType: 'String' },
     reward: 
      { StringValue: '100',
        StringListValues: [],
        BinaryListValues: [],
        DataType: 'Number' },
     sender: 
      { StringValue: '0xfa8f6F12F719fa2046EC2b193041336F9ad61387',
        StringListValues: [],
        BinaryListValues: [],
        DataType: 'String' },
     timeout: 
      { StringValue: '0',
        StringListValues: [],
        BinaryListValues: [],
        DataType: 'Number' } } }
2018-05-12T12:28:03.442Z - error: Error checking if already processed:{ MessageId: 'd00c5016-3c73-4d54-bdff-ca9ed0135f7f',
  ReceiptHandle: 'AQEBXMHMeLZvIONP2NpC0dAF3f2oo0tpI2p15HN2AhfhjEyZ0kCIEl1eHePea1BdOuX3zed2wK8Lnd23PdZvXTnz7M7P/R3yRH4xTkPjqJwXYyG+iD/mh3uGAggA5dC8Otj2hGVuSz/ed9ELSY2sS/qYjxIN7WAFUBFmvJvLn8JWW7WVUzeOPe/yJvxdNFG+7tiXmpYXTfkiKlg495XyRqV1qcFk+WvSiJngaT698Sqe4qwdVKPk+Zy3N9CLmA9D90g+somlR59/j2MaHq8MBSgxJCrA/p6kh9jtZxeB9MNnwCk+jcYUEcXpfelR0EFN48owBgdSKUuqNroOpWn2a4vAz4aSzmfoU0bo0nidxy7EeRv30lbuy3QXBzc50jEL1kQGmBIFUZv9lpZHxZPhXk/Z5w==',
  MD5OfBody: '2f7bb0b51e6158eace565bebc57dbd3c',
  Body: 'setRandomTriger_event',
  Attributes: { SentTimestamp: '1526126575384' },
  MD5OfMessageAttributes: '495072dba75fb0905709c181d279b537',
  MessageAttributes: 
   { blockNumber: 
      { StringValue: '2265486',
        StringListValues: [],
        BinaryListValues: [],
        DataType: 'Number' },
     callback_method: 
      { StringValue: 'randomNumberCallback',
        StringListValues: [],
        BinaryListValues: [],
        DataType: 'String' },
     external_params: 
      { StringValue: 'int',
        StringListValues: [],
        BinaryListValues: [],
        DataType: 'String' },
     external_url: 
      { StringValue: '.',
        StringListValues: [],
        BinaryListValues: [],
        DataType: 'String' },
     param1: 
      { StringValue: '0',
        StringListValues: [],
        BinaryListValues: [],
        DataType: 'String' },
     param2: 
      { StringValue: '100',
        StringListValues: [],
        BinaryListValues: [],
        DataType: 'String' },
     reward: 
      { StringValue: '100',
        StringListValues: [],
        BinaryListValues: [],
        DataType: 'Number' },
     sender: 
      { StringValue: '0xfa8f6F12F719fa2046EC2b193041336F9ad61387',
        StringListValues: [],
        BinaryListValues: [],
        DataType: 'String' },
     timeout: 
      { StringValue: '0',
        StringListValues: [],
        BinaryListValues: [],
        DataType: 'Number' } } }
2018-05-12T12:28:05.040Z - error: Error checking if already processed:{ MessageId: 'd00c5016-3c73-4d54-bdff-ca9ed0135f7f',
  ReceiptHandle: 'AQEBr9bzNwP8aVQahrdFCin2ayDy2EcwH86Tn3lnjbprwm9PIHIWOk02NE1hy7g7QuPL3OsrUOsPw6dxi7mhTD9uICiyZlD3km3a6Zg8qXkHh1Mz1bBMrJu0TWI+FOyBwiZBeDxYXzV4hYOHvVI4Dfr7AUIzl6rrdD6RSEP5ji717vchFPe6viJi8bc6730SoT8L/CYosUTxJ4jcFVLSl3F0tv3ZiT/CgZYWbOeobm5zS98kA0C55GChZ/TUL/LpnyBMV1BPd6ULai+DmiA+QxVRDY6Be/Wk7VFJFhOAXTkK5g0beCP9zpNv3Auoy7yT35tCllknOUJJolAyI1TQf6xhkDNaTFonWnwIBNjQIVhrnujleDmkdtKi+L+fGn7C9LVOgqd6UtOLb4M+cnsQpTzmYg==',
  MD5OfBody: '2f7bb0b51e6158eace565bebc57dbd3c',
  Body: 'setRandomTriger_event',
  Attributes: { SentTimestamp: '1526126575384' },
  MD5OfMessageAttributes: '495072dba75fb0905709c181d279b537',
  MessageAttributes: 
   { blockNumber: 
      { StringValue: '2265486',
        StringListValues: [],
        BinaryListValues: [],
        DataType: 'Number' },
     callback_method: 
      { StringValue: 'randomNumberCallback',
        StringListValues: [],
        BinaryListValues: [],
        DataType: 'String' },
     external_params: 
      { StringValue: 'int',
        StringListValues: [],
        BinaryListValues: [],
        DataType: 'String' },
     external_url: 
      { StringValue: '.',
        StringListValues: [],
        BinaryListValues: [],
        DataType: 'String' },
     param1: 
      { StringValue: '0',
        StringListValues: [],
        BinaryListValues: [],
        DataType: 'String' },
     param2: 
      { StringValue: '100',
        StringListValues: [],
        BinaryListValues: [],
        DataType: 'String' },
     reward: 
      { StringValue: '100',
        StringListValues: [],
        BinaryListValues: [],
        DataType: 'Number' },
     sender: 
      { StringValue: '0xfa8f6F12F719fa2046EC2b193041336F9ad61387',
        StringListValues: [],
        BinaryListValues: [],
        DataType: 'String' },
     timeout: 
      { StringValue: '0',
        StringListValues: [],
        BinaryListValues: [],
        DataType: 'Number' } } }
2018-05-12T12:28:06.584Z - error: Error checking if already processed:{ MessageId: 'e562bd36-9792-445b-886a-d9e0ddb11421',
  ReceiptHandle: 'AQEB6xu8/rLOjpXH5k7ZXvuPyF8VVfI6XuO+yOXaRs/lF3GZWOnbNkhKBOE8wukx4aSBprhfL19abecu0jpNm1S1myvD97aJx+sTuycT2rvP/nPdpmFMtPdJQ0RQ8qQc67ds0TMhrtHD26QSXkoF0x13tTlSQp7DWVDl+a516CZvC7eavtKuh7JHPfCdDO2iVHnzZh5feGOuAdy7bW8BreF1EHGhjGzJVHXWxiDrgOCIqeSGiLh3Cw0V3+yJLyQagFyjvEr+S3v/BpbpAW/gsE63fCuJUxcSMo11qUjZ4LnwKPjjP6xmoGp0rik/6gIgMJLJfAZ1VCXpc1uPBGhP8BgWF3cif3V6wn2nBvdJVnMmPycioSnllVX8Wa5//C0h2nW9UrxADuV+NbGGnctMxLiZng==',
  MD5OfBody: '2f7bb0b51e6158eace565bebc57dbd3c',
  Body: 'setRandomTriger_event',
  Attributes: { SentTimestamp: '1526126575390' },
  MD5OfMessageAttributes: 'b9949337f3c021985df8685217b336ea',
  MessageAttributes: 
   { blockNumber: 
      { StringValue: '2265698',
        StringListValues: [],
        BinaryListValues: [],
        DataType: 'Number' },
     callback_method: 
      { StringValue: 'randomNumberCallback',
        StringListValues: [],
        BinaryListValues: [],
        DataType: 'String' },
     external_params: 
      { StringValue: 'int',
        StringListValues: [],
        BinaryListValues: [],
        DataType: 'String' },
     external_url: 
      { StringValue: '.',
        StringListValues: [],
        BinaryListValues: [],
        DataType: 'String' },
     param1: 
      { StringValue: '0',
        StringListValues: [],
        BinaryListValues: [],
        DataType: 'String' },
     param2: 
      { StringValue: '100',
        StringListValues: [],
        BinaryListValues: [],
        DataType: 'String' },
     reward: 
      { StringValue: '100',
        StringListValues: [],
        BinaryListValues: [],
        DataType: 'Number' },
     sender: 
      { StringValue: '0xfa8f6F12F719fa2046EC2b193041336F9ad61387',
        StringListValues: [],
        BinaryListValues: [],
        DataType: 'String' },
     timeout: 
      { StringValue: '0',
        StringListValues: [],
        BinaryListValues: [],
        DataType: 'Number' } } }
2018-05-12T12:28:08.078Z - error: Error checking if already processed:{ MessageId: 'a56d1ddf-fb41-4c7b-bef7-1e7f9df6ca2f',
  ReceiptHandle: 'AQEBMcRKoNICVjJonA0bWY1wWfwM+QbchFOaqCh2k/Wwp+1flm0hybK2cw+TfSWZTZZzXOvXoD/ADA6C9UWs9XeCsbq3q+gtTI/uGfwGKJYr8pxuIZHh6GrBQmyxKyUw5/uUU0yl0IhDrbcZw3inqz3qhohvgk9xbhwiHgR8HA0IWbweuxM8JyeF0sEc4A00VPJRIxJDoAsOaRb6aT22jD0FYcXAhBcsXVHjJj4P4UehOk9CH/Ervr+9ZKy7R0mKfKcpakLPxG9dfwLxvddRaLJhaGy9RP6Eov1m2cNZN2PSl4XjV2hXgCBzsQBkXksP54luWi9OEghKg8lIXXlGq9JIQfDv+nqO/8p76znca1pJbBvgDDpEN0TTo/vmqMJRQq6E4EuRL+PLl6vVrPYXMt7SUA==',
  MD5OfBody: '2f7bb0b51e6158eace565bebc57dbd3c',
  Body: 'setRandomTriger_event',
  Attributes: { SentTimestamp: '1526126575393' },
  MD5OfMessageAttributes: '32295fb6d5e732cc01f302bf6fbd1e03',
  MessageAttributes: 
   { blockNumber: 
      { StringValue: '2265488',
        StringListValues: [],
        BinaryListValues: [],
        DataType: 'Number' },
     callback_method: 
      { StringValue: 'randomStringCallback',
        StringListValues: [],
        BinaryListValues: [],
        DataType: 'String' },
     external_params: 
      { StringValue: 'str',
        StringListValues: [],
        BinaryListValues: [],
        DataType: 'String' },
     external_url: 
      { StringValue: '.',
        StringListValues: [],
        BinaryListValues: [],
        DataType: 'String' },
     param1: 
      { StringValue: '100',
        StringListValues: [],
        BinaryListValues: [],
        DataType: 'String' },
     param2: 
      { StringValue: '0',
        StringListValues: [],
        BinaryListValues: [],
        DataType: 'String' },
     reward: 
      { StringValue: '100',
        StringListValues: [],
        BinaryListValues: [],
        DataType: 'Number' },
     sender: 
      { StringValue: '0xfa8f6F12F719fa2046EC2b193041336F9ad61387',
        StringListValues: [],
        BinaryListValues: [],
        DataType: 'String' },
     timeout: 
      { StringValue: '0',
        StringListValues: [],
        BinaryListValues: [],
        DataType: 'Number' } } }
2018-05-12T12:31:33.975Z - error: Error checking if already processed:Err: Msg Already Processed:{ MessageId: 'a56d1ddf-fb41-4c7b-bef7-1e7f9df6ca2f',
  ReceiptHandle: 'AQEBP6ARq9gZIhxPH4t6B/Y07mzNElHxMGZpvjngpHnhuFOte6YSg6HhAioSkrSLq2vuf9XxvfLSle1NEqAOSZTeUZlAxXWP55P6weTeJ64S/vxJirfEDNJakvEooSrfZHsTpni2MA9Rr7o8y2TbPeL2EMCHYihA1aTfwXaCUoFYs3w+8dVKZwUhBJpLP8kShVpji9X+wM2rRsPVvutnjtpjFwhLdHzkncw6Stn8D3KyaNfziCJupJzQ88EpO9yIba+qqYHGwvoSa3t6qRsa/A8IcwUy8V+G3hW2+Mj4wGTEsgQk70/0EELtoqJEXon5nvBCO1XZnej9K7jebz1PkTL9RfULEVoy3RXkrL7e0ald3jv4FlWEmrICwK3bOyV/0vGnz3hi3o06MSHW2cFtBTBpOg==',
  MD5OfBody: '2f7bb0b51e6158eace565bebc57dbd3c',
  Body: 'setRandomTriger_event',
  Attributes: { SentTimestamp: '1526126575393' },
  MD5OfMessageAttributes: '32295fb6d5e732cc01f302bf6fbd1e03',
  MessageAttributes: 
   { blockNumber: 
      { StringValue: '2265488',
        StringListValues: [],
        BinaryListValues: [],
        DataType: 'Number' },
     callback_method: 
      { StringValue: 'randomStringCallback',
        StringListValues: [],
        BinaryListValues: [],
        DataType: 'String' },
     external_params: 
      { StringValue: 'str',
        StringListValues: [],
        BinaryListValues: [],
        DataType: 'String' },
     external_url: 
      { StringValue: '.',
        StringListValues: [],
        BinaryListValues: [],
        DataType: 'String' },
     param1: 
      { StringValue: '100',
        StringListValues: [],
        BinaryListValues: [],
        DataType: 'String' },
     param2: 
      { StringValue: '0',
        StringListValues: [],
        BinaryListValues: [],
        DataType: 'String' },
     reward: 
      { StringValue: '100',
        StringListValues: [],
        BinaryListValues: [],
        DataType: 'Number' },
     sender: 
      { StringValue: '0xfa8f6F12F719fa2046EC2b193041336F9ad61387',
        StringListValues: [],
        BinaryListValues: [],
        DataType: 'String' },
     timeout: 
      { StringValue: '0',
        StringListValues: [],
        BinaryListValues: [],
        DataType: 'Number' } } }
2018-05-12T12:31:35.540Z - error: Error checking if already processed:Err: Msg Already Processed:{ MessageId: 'a56d1ddf-fb41-4c7b-bef7-1e7f9df6ca2f',
  ReceiptHandle: 'AQEBI+7+E3d9A7i7m58r6v0jb1mlPqKNDlirdzN+H/19i4A0L2TItPUQOd1P0HTnshJ3zMJBPEJ9D/lFA2B4kws/dKrtfq9HdcVD07tJDr+1JklGladZ2jvEs9oAazAmjqxw2c4HIkk3eytL2ZSfsowscpgzCxJ83bTVMUb1brwcIdJ5u6bIOyP31BbldT3qzG0g+aGVaE627WyiEiBVhNdWW1rcY7XyyKE/rnWWOZDRAVAWz9b10cI0apMyADXTKgOfeTi56U+Ey+zcGGIsTLd8tnJKW//PCQHIQ/QNOAsBVpVDJQXMdPJhfIL0lBxsX7a2sAMFSgBP3vbYf1vDPNuIIc36rHs0IbJ+CtG0WjFpZRD+wUemR8tPzj6wkPAA8MUoErXlIvH8LFjF1cqdZJf3kg==',
  MD5OfBody: '2f7bb0b51e6158eace565bebc57dbd3c',
  Body: 'setRandomTriger_event',
  Attributes: { SentTimestamp: '1526126575393' },
  MD5OfMessageAttributes: '32295fb6d5e732cc01f302bf6fbd1e03',
  MessageAttributes: 
   { blockNumber: 
      { StringValue: '2265488',
        StringListValues: [],
        BinaryListValues: [],
        DataType: 'Number' },
     callback_method: 
      { StringValue: 'randomStringCallback',
        StringListValues: [],
        BinaryListValues: [],
        DataType: 'String' },
     external_params: 
      { StringValue: 'str',
        StringListValues: [],
        BinaryListValues: [],
        DataType: 'String' },
     external_url: 
      { StringValue: '.',
        StringListValues: [],
        BinaryListValues: [],
        DataType: 'String' },
     param1: 
      { StringValue: '100',
        StringListValues: [],
        BinaryListValues: [],
        DataType: 'String' },
     param2: 
      { StringValue: '0',
        StringListValues: [],
        BinaryListValues: [],
        DataType: 'String' },
     reward: 
      { StringValue: '100',
        StringListValues: [],
        BinaryListValues: [],
        DataType: 'Number' },
     sender: 
      { StringValue: '0xfa8f6F12F719fa2046EC2b193041336F9ad61387',
        StringListValues: [],
        BinaryListValues: [],
        DataType: 'String' },
     timeout: 
      { StringValue: '0',
        StringListValues: [],
        BinaryListValues: [],
        DataType: 'Number' } } }
2018-05-12T12:31:37.109Z - error: Error checking if already processed:Err: Msg Already Processed:{ MessageId: 'a56d1ddf-fb41-4c7b-bef7-1e7f9df6ca2f',
  ReceiptHandle: 'AQEBxCQQzSv9o23YoWVuhJ33jmTfkYIumGo8lhY8oRobf5FuqTsagj6naOr7m0UyVJXn+mec/46tbB/JwzSPWrUJnorisPlDPEefTQx5AX7co1Qm6wBIvPMjIdvDzdkRDUB41IUNMxmJeac5Rt0AgFjH2+KMCY0FgO0R2mrpwL7F+nYsdMIVKHhjlDPUKAwnVrtmErebDSfmg3851ABtKAQG4QafZkIhXTLD8KKkY1Mruu0T1KrmA02VBqXLhAtS9TGMiiJ+5y7xuKpM5hz+dzTUjj8jqnuk1OJavvK5/+tRNaW9E8J3JTUkO1YrXXVH9r1lkIs3ASKgt23uPebai6e7sJrIlbR5eWCAwNFEmU8Btw1vPzFFA/6/r89UuvXyCQfnkIRTd2zqTbbcq2RNbAgbJg==',
  MD5OfBody: '2f7bb0b51e6158eace565bebc57dbd3c',
  Body: 'setRandomTriger_event',
  Attributes: { SentTimestamp: '1526126575393' },
  MD5OfMessageAttributes: '32295fb6d5e732cc01f302bf6fbd1e03',
  MessageAttributes: 
   { blockNumber: 
      { StringValue: '2265488',
        StringListValues: [],
        BinaryListValues: [],
        DataType: 'Number' },
     callback_method: 
      { StringValue: 'randomStringCallback',
        StringListValues: [],
        BinaryListValues: [],
        DataType: 'String' },
     external_params: 
      { StringValue: 'str',
        StringListValues: [],
        BinaryListValues: [],
        DataType: 'String' },
     external_url: 
      { StringValue: '.',
        StringListValues: [],
        BinaryListValues: [],
        DataType: 'String' },
     param1: 
      { StringValue: '100',
        StringListValues: [],
        BinaryListValues: [],
        DataType: 'String' },
     param2: 
      { StringValue: '0',
        StringListValues: [],
        BinaryListValues: [],
        DataType: 'String' },
     reward: 
      { StringValue: '100',
        StringListValues: [],
        BinaryListValues: [],
        DataType: 'Number' },
     sender: 
      { StringValue: '0xfa8f6F12F719fa2046EC2b193041336F9ad61387',
        StringListValues: [],
        BinaryListValues: [],
        DataType: 'String' },
     timeout: 
      { StringValue: '0',
        StringListValues: [],
        BinaryListValues: [],
        DataType: 'Number' } } }
2018-05-12T12:31:38.615Z - error: Error checking if already processed:Err: Msg Already Processed:{ MessageId: 'e562bd36-9792-445b-886a-d9e0ddb11421',
  ReceiptHandle: 'AQEBZPYTAJH2hL/8txTqIBaksO5H9DrA4b54gLZDbxuDqZ4Xm0UZohvjiJ+W17RfaZOF2GIG0zWoio/v8x4HZm+JCJ608aVprF+/9iZVC22hGIMy7PSkBom7U2yQFK4wjwblWIMyov+reKQJmrgbfU/xmxhqSkj1wgUz3aqbQoeZU9drcwHc3fHhFiBxEtZz/n2cAZWyYbcNdmB7KgCUcnCeYXEMJcoTs4yugx82pqCSLT0X0Jst53k1zSVyo0j7xaWrs2cB9YfzaqclDzYGf0alC7YJYLK3XTr8GWANEm7To1Jb8kKVkOCnnxWvs9O5cZwC6+/k41PLeEmN+R1tDydykMioeweaw0X26mgAmM3F2nFLWo9M6ktfeZdlUmn2O9xcAcnS5IIwgf3J3Btifh712Q==',
  MD5OfBody: '2f7bb0b51e6158eace565bebc57dbd3c',
  Body: 'setRandomTriger_event',
  Attributes: { SentTimestamp: '1526126575390' },
  MD5OfMessageAttributes: 'b9949337f3c021985df8685217b336ea',
  MessageAttributes: 
   { blockNumber: 
      { StringValue: '2265698',
        StringListValues: [],
        BinaryListValues: [],
        DataType: 'Number' },
     callback_method: 
      { StringValue: 'randomNumberCallback',
        StringListValues: [],
        BinaryListValues: [],
        DataType: 'String' },
     external_params: 
      { StringValue: 'int',
        StringListValues: [],
        BinaryListValues: [],
        DataType: 'String' },
     external_url: 
      { StringValue: '.',
        StringListValues: [],
        BinaryListValues: [],
        DataType: 'String' },
     param1: 
      { StringValue: '0',
        StringListValues: [],
        BinaryListValues: [],
        DataType: 'String' },
     param2: 
      { StringValue: '100',
        StringListValues: [],
        BinaryListValues: [],
        DataType: 'String' },
     reward: 
      { StringValue: '100',
        StringListValues: [],
        BinaryListValues: [],
        DataType: 'Number' },
     sender: 
      { StringValue: '0xfa8f6F12F719fa2046EC2b193041336F9ad61387',
        StringListValues: [],
        BinaryListValues: [],
        DataType: 'String' },
     timeout: 
      { StringValue: '0',
        StringListValues: [],
        BinaryListValues: [],
        DataType: 'Number' } } }
2018-05-12T12:32:37.181Z - error: Msg already received and processed:{ MessageId: 'd00c5016-3c73-4d54-bdff-ca9ed0135f7f',
  ReceiptHandle: 'AQEBh76cBnwXbvlK5BWeUlzO8i6jyiBajLqULimKUfAQbXvVOTypw6XzEjJ+pBBrWp/gPr1DuOAogvxtDmPNGMBQ0yl0hxi6Dhqt+fkkarC+BVzyZHUrk6HQimhAAoBusdQUaW5yZ7ItS2A8vD34XNHpRHlUku1N28FpRjIv7s3eqiifPBOseZovljXr6RSQUels28zxhefuPvpLAplA5ECSJBWtKuLt2jPISK7XWk1Oe87biz/5AFKfy1xX7EmLu60U/yt/Qc21Gp44BbTcEMkhigEMkG6cI1d/up7YtTQwcG+OTKIR/5CdchoEvYOlwbPM4R8WtdiAkSXFCTLHR09dE1nIMbIvjjegB/XCLDqTwqCWvJFpjg/oKckmnh8g2aC2JrdC45xy8oh3vq/xUWqbKg==',
  MD5OfBody: '2f7bb0b51e6158eace565bebc57dbd3c',
  Body: 'setRandomTriger_event',
  Attributes: { SentTimestamp: '1526126575384' },
  MD5OfMessageAttributes: '495072dba75fb0905709c181d279b537',
  MessageAttributes: 
   { blockNumber: 
      { StringValue: '2265486',
        StringListValues: [],
        BinaryListValues: [],
        DataType: 'Number' },
     callback_method: 
      { StringValue: 'randomNumberCallback',
        StringListValues: [],
        BinaryListValues: [],
        DataType: 'String' },
     external_params: 
      { StringValue: 'int',
        StringListValues: [],
        BinaryListValues: [],
        DataType: 'String' },
     external_url: 
      { StringValue: '.',
        StringListValues: [],
        BinaryListValues: [],
        DataType: 'String' },
     param1: 
      { StringValue: '0',
        StringListValues: [],
        BinaryListValues: [],
        DataType: 'String' },
     param2: 
      { StringValue: '100',
        StringListValues: [],
        BinaryListValues: [],
        DataType: 'String' },
     reward: 
      { StringValue: '100',
        StringListValues: [],
        BinaryListValues: [],
        DataType: 'Number' },
     sender: 
      { StringValue: '0xfa8f6F12F719fa2046EC2b193041336F9ad61387',
        StringListValues: [],
        BinaryListValues: [],
        DataType: 'String' },
     timeout: 
      { StringValue: '0',
        StringListValues: [],
        BinaryListValues: [],
        DataType: 'Number' } } }
2018-05-12T12:32:38.812Z - error: Msg already received and processed:{ MessageId: '5902f5bb-1a01-464e-b2cc-e92cf3ea61d2',
  ReceiptHandle: 'AQEBcbtC79BhEQavHj8j1o/V5CS6kWTX16/OAHNnUySW+vklloTt3QChis4ipDorfiIvUABtQJH/3YFMtS5Io5DbwlMWB2O86GlVvZL386F/oP1iSyMwdF2i1vvFd+EevZP6dXHnYtfKrwkQMiGjbp9MsbhhmH99HS9s2o8YlW/pf5fRbFezJYuTd+WDkluFL5wzTLPS7WoGluVnr9hiZbtHgoo40Lrx/LhW5X/dnJI0fXuSsYgJCAeZvskOrs0Ry5tro8rZxzLVMPBHGaIyK0lv/9WvruHFIhpJg+V4NHFX/61lgPLXmuDsXB2ZiPMGcrbsg0RLvuG28kMBb8u8GszyuLnOMXOu4ez73ViqSHQuq33laEI9jN7YgOpb03OzWQ9y4P3ykcjDW+i52W5fYBj+Og==',
  MD5OfBody: '2f7bb0b51e6158eace565bebc57dbd3c',
  Body: 'setRandomTriger_event',
  Attributes: { SentTimestamp: '1526126575384' },
  MD5OfMessageAttributes: '3d4791b26026e91c624dd3c83e101595',
  MessageAttributes: 
   { blockNumber: 
      { StringValue: '2265644',
        StringListValues: [],
        BinaryListValues: [],
        DataType: 'Number' },
     callback_method: 
      { StringValue: 'randomNumberCallback',
        StringListValues: [],
        BinaryListValues: [],
        DataType: 'String' },
     external_params: 
      { StringValue: 'int',
        StringListValues: [],
        BinaryListValues: [],
        DataType: 'String' },
     external_url: 
      { StringValue: '.',
        StringListValues: [],
        BinaryListValues: [],
        DataType: 'String' },
     param1: 
      { StringValue: '0',
        StringListValues: [],
        BinaryListValues: [],
        DataType: 'String' },
     param2: 
      { StringValue: '100',
        StringListValues: [],
        BinaryListValues: [],
        DataType: 'String' },
     reward: 
      { StringValue: '100',
        StringListValues: [],
        BinaryListValues: [],
        DataType: 'Number' },
     sender: 
      { StringValue: '0xfa8f6F12F719fa2046EC2b193041336F9ad61387',
        StringListValues: [],
        BinaryListValues: [],
        DataType: 'String' },
     timeout: 
      { StringValue: '0',
        StringListValues: [],
        BinaryListValues: [],
        DataType: 'Number' } } }
2018-05-12T12:32:40.386Z - error: Msg already received and processed:{ MessageId: 'a56d1ddf-fb41-4c7b-bef7-1e7f9df6ca2f',
  ReceiptHandle: 'AQEBsDYoE62eMkFXLymeM9sdD62wdW7CXix+hPZ/3u5kPDS4TCDBkblwT+xIRxirlgaKY/1h8Np6brz1HUBhHGdmi5N+tWfSAFFXrNAOMenLHOyEQzVGMXwwCctCRJ6too16Ja/Kh3P1Hf8Ru8yZ6vtqJ5/apDp0G8nHE0wDXnqUkaAsyWbhypD223iJGXDHsEkpxgrXhUdQ/ALyNFIb8RKOS/YE2e2g/TdDxoXYn6/fKuLKihmx27gSScK4x4qj2grs5Z9kK+xJKvpd1/5ywnJCOfiBHy5/q0+tKYvfDOInzynjxTBmZ80mYP+Ku4YgNV8+Au20jWj2HQEr54CxzpEq9aMljyEL0KE2WfeWoMiTGW+yaPPT5J9quvd82fRk7icAnEorSM35KUyGMka4EeD4Sw==',
  MD5OfBody: '2f7bb0b51e6158eace565bebc57dbd3c',
  Body: 'setRandomTriger_event',
  Attributes: { SentTimestamp: '1526126575393' },
  MD5OfMessageAttributes: '32295fb6d5e732cc01f302bf6fbd1e03',
  MessageAttributes: 
   { blockNumber: 
      { StringValue: '2265488',
        StringListValues: [],
        BinaryListValues: [],
        DataType: 'Number' },
     callback_method: 
      { StringValue: 'randomStringCallback',
        StringListValues: [],
        BinaryListValues: [],
        DataType: 'String' },
     external_params: 
      { StringValue: 'str',
        StringListValues: [],
        BinaryListValues: [],
        DataType: 'String' },
     external_url: 
      { StringValue: '.',
        StringListValues: [],
        BinaryListValues: [],
        DataType: 'String' },
     param1: 
      { StringValue: '100',
        StringListValues: [],
        BinaryListValues: [],
        DataType: 'String' },
     param2: 
      { StringValue: '0',
        StringListValues: [],
        BinaryListValues: [],
        DataType: 'String' },
     reward: 
      { StringValue: '100',
        StringListValues: [],
        BinaryListValues: [],
        DataType: 'Number' },
     sender: 
      { StringValue: '0xfa8f6F12F719fa2046EC2b193041336F9ad61387',
        StringListValues: [],
        BinaryListValues: [],
        DataType: 'String' },
     timeout: 
      { StringValue: '0',
        StringListValues: [],
        BinaryListValues: [],
        DataType: 'Number' } } }
2018-05-12T12:41:39.025Z - error: Error sending withdraw tx:Error: Returned error: replacement transaction underpriced
2018-05-12T12:45:23.322Z - error: Error sending withdraw tx:Error: Returned error: replacement transaction underpriced
2018-05-12T12:45:23.335Z - error: Error sending withdraw tx:Error: Returned error: replacement transaction underpriced
2018-05-12T12:45:25.892Z - error: Error adding to db:Error: ER_WRONG_VALUE_COUNT_ON_ROW: Column count doesn't match value count at row 1
2018-05-12T12:58:41.862Z - error: Error sending withdraw tx:Error: Returned error: replacement transaction underpriced
2018-05-12T12:58:41.879Z - error: Error sending withdraw tx:Error: Returned error: replacement transaction underpriced
2018-05-12T12:58:43.809Z - error: Error sending withdraw tx:Error: Returned error: replacement transaction underpriced
2018-05-12T12:58:43.819Z - error: Error sending withdraw tx:Error: Returned error: replacement transaction underpriced
2018-05-12T13:04:08.149Z - error: Error sending withdraw tx:Error: Returned error: replacement transaction underpriced
2018-05-12T13:04:08.165Z - error: Error sending withdraw tx:Error: Returned error: replacement transaction underpriced
2018-05-12T13:04:09.906Z - error: Error sending withdraw tx:Error: Returned error: replacement transaction underpriced
2018-05-12T13:04:09.914Z - error: Error sending withdraw tx:Error: Returned error: replacement transaction underpriced
2018-05-12T13:04:11.588Z - error: Error sending withdraw tx:Error: Returned error: replacement transaction underpriced
2018-05-12T13:04:11.594Z - error: Error sending withdraw tx:Error: Returned error: replacement transaction underpriced
2018-05-12T13:04:15.689Z - error: Error sending withdraw tx:Error: Returned error: replacement transaction underpriced
2018-05-12T13:04:15.695Z - error: Error sending withdraw tx:Error: Returned error: replacement transaction underpriced
2018-05-12T13:04:20.002Z - error: Error sending withdraw tx:Error: Returned error: replacement transaction underpriced
2018-05-12T13:04:20.009Z - error: Error sending withdraw tx:Error: Returned error: replacement transaction underpriced
2018-05-12T13:10:34.049Z - error: Error sending withdraw tx:Error: Returned error: replacement transaction underpriced
2018-05-12T13:10:35.903Z - error: Error sending withdraw tx:Error: Returned error: replacement transaction underpriced
2018-05-12T13:10:37.661Z - error: Error sending withdraw tx:Error: Returned error: replacement transaction underpriced
2018-05-12T13:10:42.132Z - error: Error sending withdraw tx:Error: Returned error: replacement transaction underpriced
2018-05-12T13:10:43.956Z - error: Error sending withdraw tx:Error: Returned error: replacement transaction underpriced
2018-05-12T13:11:39.894Z - error: Unable to estiate gas:Error: Returned error: gas required exceeds allowance or always failing transaction
2018-05-12T13:21:12.230Z - error: Unable to estiate gas:Error: Returned error: gas required exceeds allowance or always failing transaction
2018-05-12T13:21:13.971Z - error: Unable to estiate gas:Error: Returned error: gas required exceeds allowance or always failing transaction
2018-05-12T13:21:15.704Z - error: Unable to estiate gas:Error: Returned error: gas required exceeds allowance or always failing transaction
2018-05-12T13:21:17.429Z - error: Unable to estiate gas:Error: Returned error: gas required exceeds allowance or always failing transaction
2018-05-12T13:21:19.070Z - error: Unable to estiate gas:Error: Returned error: gas required exceeds allowance or always failing transaction
2018-05-12T13:21:20.623Z - error: Unable to estiate gas:Error: Returned error: gas required exceeds allowance or always failing transaction
2018-05-12T13:21:22.315Z - error: Unable to estiate gas:Error: Returned error: gas required exceeds allowance or always failing transaction
2018-05-12T13:21:24.163Z - error: Unable to estiate gas:Error: Returned error: gas required exceeds allowance or always failing transaction
2018-05-12T13:29:52.398Z - error: Unable to estiate gas:Error: Returned error: gas required exceeds allowance or always failing transaction
2018-05-12T13:29:54.247Z - error: Unable to estiate gas:Error: Returned error: gas required exceeds allowance or always failing transaction
2018-05-12T13:29:55.934Z - error: Unable to estiate gas:Error: Returned error: gas required exceeds allowance or always failing transaction
2018-05-12T13:29:57.590Z - error: Unable to estiate gas:Error: Returned error: gas required exceeds allowance or always failing transaction
2018-05-12T13:29:59.259Z - error: Unable to estiate gas:Error: Returned error: gas required exceeds allowance or always failing transaction
2018-05-12T13:30:01.362Z - error: Unable to estiate gas:Error: Returned error: gas required exceeds allowance or always failing transaction
2018-05-12T13:30:03.162Z - error: Unable to estiate gas:Error: Returned error: gas required exceeds allowance or always failing transaction
2018-05-12T13:30:05.330Z - error: Unable to estiate gas:Error: Returned error: gas required exceeds allowance or always failing transaction
2018-05-13T15:10:12.389Z - error: Error with SQS Consumer: SQS receive message failed: Inaccessible host: `sqs.us-east-1.amazonaws.com'. This service may not be available in the `us-east-1' region.
2018-05-13T15:10:12.992Z - error: Error with SQS Consumer: SQS receive message failed: Inaccessible host: `sqs.us-east-1.amazonaws.com'. This service may not be available in the `us-east-1' region.
2018-05-13T15:10:13.109Z - error: Error with SQS Consumer: SQS receive message failed: Inaccessible host: `sqs.us-east-1.amazonaws.com'. This service may not be available in the `us-east-1' region.
2018-05-13T15:10:13.336Z - error: Error with SQS Consumer: SQS receive message failed: Inaccessible host: `sqs.us-east-1.amazonaws.com'. This service may not be available in the `us-east-1' region.
2018-05-13T15:10:13.946Z - error: Error with SQS Consumer: SQS receive message failed: Inaccessible host: `sqs.us-east-1.amazonaws.com'. This service may not be available in the `us-east-1' region.
2018-05-13T15:10:14.519Z - error: Error with SQS Consumer: SQS receive message failed: Inaccessible host: `sqs.us-east-1.amazonaws.com'. This service may not be available in the `us-east-1' region.
2018-05-13T15:10:14.976Z - error: Error with SQS Consumer: SQS receive message failed: Inaccessible host: `sqs.us-east-1.amazonaws.com'. This service may not be available in the `us-east-1' region.
2018-05-13T15:10:15.381Z - error: Error with SQS Consumer: SQS receive message failed: Inaccessible host: `sqs.us-east-1.amazonaws.com'. This service may not be available in the `us-east-1' region.
2018-05-13T15:10:15.630Z - error: Error with SQS Consumer: SQS receive message failed: Inaccessible host: `sqs.us-east-1.amazonaws.com'. This service may not be available in the `us-east-1' region.
2018-05-13T15:10:15.941Z - error: Error with SQS Consumer: SQS receive message failed: Inaccessible host: `sqs.us-east-1.amazonaws.com'. This service may not be available in the `us-east-1' region.
2018-05-13T15:10:16.292Z - error: Error with SQS Consumer: SQS receive message failed: Inaccessible host: `sqs.us-east-1.amazonaws.com'. This service may not be available in the `us-east-1' region.
2018-05-13T15:21:46.361Z - error: Error with SQS Consumer: SQS receive message failed: Inaccessible host: `sqs.us-east-1.amazonaws.com'. This service may not be available in the `us-east-1' region.
2018-05-13T15:21:46.658Z - error: Error with SQS Consumer: SQS receive message failed: Inaccessible host: `sqs.us-east-1.amazonaws.com'. This service may not be available in the `us-east-1' region.
2018-05-13T15:21:47.063Z - error: Error with SQS Consumer: SQS receive message failed: Inaccessible host: `sqs.us-east-1.amazonaws.com'. This service may not be available in the `us-east-1' region.
2018-05-13T15:21:47.323Z - error: Error with SQS Consumer: SQS receive message failed: Inaccessible host: `sqs.us-east-1.amazonaws.com'. This service may not be available in the `us-east-1' region.
2018-05-13T15:21:47.505Z - error: Error with SQS Consumer: SQS receive message failed: Inaccessible host: `sqs.us-east-1.amazonaws.com'. This service may not be available in the `us-east-1' region.
2018-05-13T15:21:47.791Z - error: Error with SQS Consumer: SQS receive message failed: Inaccessible host: `sqs.us-east-1.amazonaws.com'. This service may not be available in the `us-east-1' region.
2018-05-13T15:21:48.328Z - error: Error with SQS Consumer: SQS receive message failed: Inaccessible host: `sqs.us-east-1.amazonaws.com'. This service may not be available in the `us-east-1' region.
2018-05-13T15:21:48.862Z - error: Error with SQS Consumer: SQS receive message failed: Inaccessible host: `sqs.us-east-1.amazonaws.com'. This service may not be available in the `us-east-1' region.
2018-05-13T15:21:49.197Z - error: Error with SQS Consumer: SQS receive message failed: Inaccessible host: `sqs.us-east-1.amazonaws.com'. This service may not be available in the `us-east-1' region.
2018-05-13T15:21:49.637Z - error: Error with SQS Consumer: SQS receive message failed: Inaccessible host: `sqs.us-east-1.amazonaws.com'. This service may not be available in the `us-east-1' region.
2018-05-13T15:21:49.997Z - error: Error with SQS Consumer: SQS receive message failed: Inaccessible host: `sqs.us-east-1.amazonaws.com'. This service may not be available in the `us-east-1' region.
2018-05-13T15:21:50.242Z - error: Error with SQS Consumer: SQS receive message failed: Inaccessible host: `sqs.us-east-1.amazonaws.com'. This service may not be available in the `us-east-1' region.
2018-05-14T10:48:11.734Z - error: Error with SQS Consumer: SQS receive message failed: Inaccessible host: `sqs.us-east-1.amazonaws.com'. This service may not be available in the `us-east-1' region.
2018-05-14T10:48:12.037Z - error: Error with SQS Consumer: SQS receive message failed: Inaccessible host: `sqs.us-east-1.amazonaws.com'. This service may not be available in the `us-east-1' region.
2018-05-14T10:48:12.497Z - error: Error with SQS Consumer: SQS receive message failed: Inaccessible host: `sqs.us-east-1.amazonaws.com'. This service may not be available in the `us-east-1' region.
2018-05-14T10:48:12.825Z - error: Error with SQS Consumer: SQS receive message failed: Inaccessible host: `sqs.us-east-1.amazonaws.com'. This service may not be available in the `us-east-1' region.
2018-05-14T10:48:13.331Z - error: Error with SQS Consumer: SQS receive message failed: Inaccessible host: `sqs.us-east-1.amazonaws.com'. This service may not be available in the `us-east-1' region.
2018-05-14T10:48:13.938Z - error: Error with SQS Consumer: SQS receive message failed: Inaccessible host: `sqs.us-east-1.amazonaws.com'. This service may not be available in the `us-east-1' region.
2018-05-14T10:48:14.246Z - error: Error with SQS Consumer: SQS receive message failed: Inaccessible host: `sqs.us-east-1.amazonaws.com'. This service may not be available in the `us-east-1' region.
2018-05-14T10:48:14.862Z - error: Error with SQS Consumer: SQS receive message failed: Inaccessible host: `sqs.us-east-1.amazonaws.com'. This service may not be available in the `us-east-1' region.
2018-05-14T10:48:15.415Z - error: Error with SQS Consumer: SQS receive message failed: Inaccessible host: `sqs.us-east-1.amazonaws.com'. This service may not be available in the `us-east-1' region.
2018-05-14T10:48:15.854Z - error: Error with SQS Consumer: SQS receive message failed: Inaccessible host: `sqs.us-east-1.amazonaws.com'. This service may not be available in the `us-east-1' region.
2018-05-14T11:12:58.378Z - error: Error with SQS Consumer: SQS receive message failed: Inaccessible host: `sqs.us-east-1.amazonaws.com'. This service may not be available in the `us-east-1' region.
2018-05-14T11:12:58.605Z - error: Error with SQS Consumer: SQS receive message failed: Inaccessible host: `sqs.us-east-1.amazonaws.com'. This service may not be available in the `us-east-1' region.
2018-05-14T11:12:58.893Z - error: Error with SQS Consumer: SQS receive message failed: Inaccessible host: `sqs.us-east-1.amazonaws.com'. This service may not be available in the `us-east-1' region.
2018-05-14T11:12:59.287Z - error: Error with SQS Consumer: SQS receive message failed: Inaccessible host: `sqs.us-east-1.amazonaws.com'. This service may not be available in the `us-east-1' region.
2018-05-14T11:12:59.554Z - error: Error with SQS Consumer: SQS receive message failed: Inaccessible host: `sqs.us-east-1.amazonaws.com'. This service may not be available in the `us-east-1' region.
2018-05-14T11:13:00.058Z - error: Error with SQS Consumer: SQS receive message failed: Inaccessible host: `sqs.us-east-1.amazonaws.com'. This service may not be available in the `us-east-1' region.
2018-05-14T11:13:00.515Z - error: Error with SQS Consumer: SQS receive message failed: Inaccessible host: `sqs.us-east-1.amazonaws.com'. This service may not be available in the `us-east-1' region.
2018-05-14T11:13:00.957Z - error: Error with SQS Consumer: SQS receive message failed: Inaccessible host: `sqs.us-east-1.amazonaws.com'. This service may not be available in the `us-east-1' region.
2018-05-14T11:13:01.439Z - error: Error with SQS Consumer: SQS receive message failed: Inaccessible host: `sqs.us-east-1.amazonaws.com'. This service may not be available in the `us-east-1' region.
2018-05-14T11:13:01.687Z - error: Error with SQS Consumer: SQS receive message failed: Inaccessible host: `sqs.us-east-1.amazonaws.com'. This service may not be available in the `us-east-1' region.
2018-05-14T11:13:02.233Z - error: Error with SQS Consumer: SQS receive message failed: Inaccessible host: `sqs.us-east-1.amazonaws.com'. This service may not be available in the `us-east-1' region.
2018-05-14T11:13:02.589Z - error: Error with SQS Consumer: SQS receive message failed: Inaccessible host: `sqs.us-east-1.amazonaws.com'. This service may not be available in the `us-east-1' region.
2018-05-14T14:01:23.264Z - error: Error with SQS Consumer: SQS receive message failed: Inaccessible host: `sqs.us-east-1.amazonaws.com'. This service may not be available in the `us-east-1' region.
2018-05-14T14:01:23.761Z - error: Error with SQS Consumer: SQS receive message failed: Inaccessible host: `sqs.us-east-1.amazonaws.com'. This service may not be available in the `us-east-1' region.
2018-05-14T14:01:24.079Z - error: Error with SQS Consumer: SQS receive message failed: Inaccessible host: `sqs.us-east-1.amazonaws.com'. This service may not be available in the `us-east-1' region.
2018-05-14T14:01:24.476Z - error: Error with SQS Consumer: SQS receive message failed: Inaccessible host: `sqs.us-east-1.amazonaws.com'. This service may not be available in the `us-east-1' region.
2018-05-14T14:01:24.793Z - error: Error with SQS Consumer: SQS receive message failed: Inaccessible host: `sqs.us-east-1.amazonaws.com'. This service may not be available in the `us-east-1' region.
2018-05-14T14:01:25.214Z - error: Error with SQS Consumer: SQS receive message failed: Inaccessible host: `sqs.us-east-1.amazonaws.com'. This service may not be available in the `us-east-1' region.
