2018-05-08T19:54:34.302Z - error: SQS Error CredentialsError: Missing credentials in config
    at Object.fs.openSync (fs.js:646:18)
    at Object.fs.readFileSync (fs.js:551:33)
    at Object.readFileSync (/Users/danfield/Documents/df/eth/dev/DappBridge/node_modules/aws-sdk/lib/util.js:97:26)
    at SharedIniFile.loadFile [as ensureFileLoaded] (/Users/danfield/Documents/df/eth/dev/DappBridge/node_modules/aws-sdk/lib/shared_ini.js:19:18)
    at SharedIniFile.loadProfileNames [as getProfiles] (/Users/danfield/Documents/df/eth/dev/DappBridge/node_modules/aws-sdk/lib/shared_ini.js:61:10)
    at SharedIniFileCredentials.refresh (/Users/danfield/Documents/df/eth/dev/DappBridge/node_modules/aws-sdk/lib/credentials/shared_ini_file_credentials.js:94:45)
    at SharedIniFileCredentials.get (/Users/danfield/Documents/df/eth/dev/DappBridge/node_modules/aws-sdk/lib/credentials.js:121:12)
    at getAsyncCredentials (/Users/danfield/Documents/df/eth/dev/DappBridge/node_modules/aws-sdk/lib/config.js:332:24)
    at Config.getCredentials (/Users/danfield/Documents/df/eth/dev/DappBridge/node_modules/aws-sdk/lib/config.js:352:9)
    at Request.VALIDATE_CREDENTIALS (/Users/danfield/Documents/df/eth/dev/DappBridge/node_modules/aws-sdk/lib/event_listeners.js:80:26)
    at Request.callListeners (/Users/danfield/Documents/df/eth/dev/DappBridge/node_modules/aws-sdk/lib/sequential_executor.js:101:18)
    at Request.emit (/Users/danfield/Documents/df/eth/dev/DappBridge/node_modules/aws-sdk/lib/sequential_executor.js:77:10)
    at Request.emit (/Users/danfield/Documents/df/eth/dev/DappBridge/node_modules/aws-sdk/lib/request.js:683:14)
    at Request.transition (/Users/danfield/Documents/df/eth/dev/DappBridge/node_modules/aws-sdk/lib/request.js:22:10)
    at AcceptorStateMachine.runTo (/Users/danfield/Documents/df/eth/dev/DappBridge/node_modules/aws-sdk/lib/state_machine.js:14:12)
    at Request.runTo (/Users/danfield/Documents/df/eth/dev/DappBridge/node_modules/aws-sdk/lib/request.js:403:15)
    at Request.send (/Users/danfield/Documents/df/eth/dev/DappBridge/node_modules/aws-sdk/lib/request.js:367:10)
    at features.constructor.makeRequest (/Users/danfield/Documents/df/eth/dev/DappBridge/node_modules/aws-sdk/lib/service.js:193:27)
    at features.constructor.svc.(anonymous function) [as sendMessage] (/Users/danfield/Documents/df/eth/dev/DappBridge/node_modules/aws-sdk/lib/service.js:499:23)
    at Subscription.<anonymous> (/Users/danfield/Documents/df/eth/dev/DappBridge/src/web3/logread.js:242:11)
    at Subscription.emit (/Users/danfield/Documents/df/eth/dev/DappBridge/node_modules/eventemitter3/index.js:89:35)
    at Subscription.subscriptionHandler (/Users/danfield/Documents/df/eth/dev/DappBridge/node_modules/web3-eth-contract/src/index.js:623:26)
2018-05-12T11:55:46.256Z - error: SQS Error InvalidParameterValue: Value 0x4ab849790aaed51b656d966889dfcd3fa3121702fb15eb123cbcbce3dcc44f97 for parameter MessageDeduplicationId is invalid. Reason: The request include parameter that is not valid for this queue type.
    at Request.extractError (/Users/danfield/Documents/df/eth/dev/DappBridge/node_modules/aws-sdk/lib/protocol/query.js:47:29)
    at Request.callListeners (/Users/danfield/Documents/df/eth/dev/DappBridge/node_modules/aws-sdk/lib/sequential_executor.js:105:20)
    at Request.emit (/Users/danfield/Documents/df/eth/dev/DappBridge/node_modules/aws-sdk/lib/sequential_executor.js:77:10)
    at Request.emit (/Users/danfield/Documents/df/eth/dev/DappBridge/node_modules/aws-sdk/lib/request.js:683:14)
    at Request.transition (/Users/danfield/Documents/df/eth/dev/DappBridge/node_modules/aws-sdk/lib/request.js:22:10)
    at AcceptorStateMachine.runTo (/Users/danfield/Documents/df/eth/dev/DappBridge/node_modules/aws-sdk/lib/state_machine.js:14:12)
    at /Users/danfield/Documents/df/eth/dev/DappBridge/node_modules/aws-sdk/lib/state_machine.js:26:10
    at Request.<anonymous> (/Users/danfield/Documents/df/eth/dev/DappBridge/node_modules/aws-sdk/lib/request.js:38:9)
    at Request.<anonymous> (/Users/danfield/Documents/df/eth/dev/DappBridge/node_modules/aws-sdk/lib/request.js:685:12)
    at Request.callListeners (/Users/danfield/Documents/df/eth/dev/DappBridge/node_modules/aws-sdk/lib/sequential_executor.js:115:18)
    at Request.emit (/Users/danfield/Documents/df/eth/dev/DappBridge/node_modules/aws-sdk/lib/sequential_executor.js:77:10)
    at Request.emit (/Users/danfield/Documents/df/eth/dev/DappBridge/node_modules/aws-sdk/lib/request.js:683:14)
    at Request.transition (/Users/danfield/Documents/df/eth/dev/DappBridge/node_modules/aws-sdk/lib/request.js:22:10)
    at AcceptorStateMachine.runTo (/Users/danfield/Documents/df/eth/dev/DappBridge/node_modules/aws-sdk/lib/state_machine.js:14:12)
    at /Users/danfield/Documents/df/eth/dev/DappBridge/node_modules/aws-sdk/lib/state_machine.js:26:10
    at Request.<anonymous> (/Users/danfield/Documents/df/eth/dev/DappBridge/node_modules/aws-sdk/lib/request.js:38:9)
    at Request.<anonymous> (/Users/danfield/Documents/df/eth/dev/DappBridge/node_modules/aws-sdk/lib/request.js:685:12)
    at Request.callListeners (/Users/danfield/Documents/df/eth/dev/DappBridge/node_modules/aws-sdk/lib/sequential_executor.js:115:18)
    at callNextListener (/Users/danfield/Documents/df/eth/dev/DappBridge/node_modules/aws-sdk/lib/sequential_executor.js:95:12)
    at IncomingMessage.onEnd (/Users/danfield/Documents/df/eth/dev/DappBridge/node_modules/aws-sdk/lib/event_listeners.js:269:13)
    at emitNone (events.js:111:20)
    at IncomingMessage.emit (events.js:208:7)
2018-05-12T11:55:46.378Z - error: SQS Error InvalidParameterValue: Value 0x60c7450ba928fe9aacbf728e9246b09afc6f78e6efc617442de77e131a711e18 for parameter MessageDeduplicationId is invalid. Reason: The request include parameter that is not valid for this queue type.
    at Request.extractError (/Users/danfield/Documents/df/eth/dev/DappBridge/node_modules/aws-sdk/lib/protocol/query.js:47:29)
    at Request.callListeners (/Users/danfield/Documents/df/eth/dev/DappBridge/node_modules/aws-sdk/lib/sequential_executor.js:105:20)
    at Request.emit (/Users/danfield/Documents/df/eth/dev/DappBridge/node_modules/aws-sdk/lib/sequential_executor.js:77:10)
    at Request.emit (/Users/danfield/Documents/df/eth/dev/DappBridge/node_modules/aws-sdk/lib/request.js:683:14)
    at Request.transition (/Users/danfield/Documents/df/eth/dev/DappBridge/node_modules/aws-sdk/lib/request.js:22:10)
    at AcceptorStateMachine.runTo (/Users/danfield/Documents/df/eth/dev/DappBridge/node_modules/aws-sdk/lib/state_machine.js:14:12)
    at /Users/danfield/Documents/df/eth/dev/DappBridge/node_modules/aws-sdk/lib/state_machine.js:26:10
    at Request.<anonymous> (/Users/danfield/Documents/df/eth/dev/DappBridge/node_modules/aws-sdk/lib/request.js:38:9)
    at Request.<anonymous> (/Users/danfield/Documents/df/eth/dev/DappBridge/node_modules/aws-sdk/lib/request.js:685:12)
    at Request.callListeners (/Users/danfield/Documents/df/eth/dev/DappBridge/node_modules/aws-sdk/lib/sequential_executor.js:115:18)
    at Request.emit (/Users/danfield/Documents/df/eth/dev/DappBridge/node_modules/aws-sdk/lib/sequential_executor.js:77:10)
    at Request.emit (/Users/danfield/Documents/df/eth/dev/DappBridge/node_modules/aws-sdk/lib/request.js:683:14)
    at Request.transition (/Users/danfield/Documents/df/eth/dev/DappBridge/node_modules/aws-sdk/lib/request.js:22:10)
    at AcceptorStateMachine.runTo (/Users/danfield/Documents/df/eth/dev/DappBridge/node_modules/aws-sdk/lib/state_machine.js:14:12)
    at /Users/danfield/Documents/df/eth/dev/DappBridge/node_modules/aws-sdk/lib/state_machine.js:26:10
    at Request.<anonymous> (/Users/danfield/Documents/df/eth/dev/DappBridge/node_modules/aws-sdk/lib/request.js:38:9)
    at Request.<anonymous> (/Users/danfield/Documents/df/eth/dev/DappBridge/node_modules/aws-sdk/lib/request.js:685:12)
    at Request.callListeners (/Users/danfield/Documents/df/eth/dev/DappBridge/node_modules/aws-sdk/lib/sequential_executor.js:115:18)
    at callNextListener (/Users/danfield/Documents/df/eth/dev/DappBridge/node_modules/aws-sdk/lib/sequential_executor.js:95:12)
    at IncomingMessage.onEnd (/Users/danfield/Documents/df/eth/dev/DappBridge/node_modules/aws-sdk/lib/event_listeners.js:269:13)
    at emitNone (events.js:111:20)
    at IncomingMessage.emit (events.js:208:7)
2018-05-12T11:55:46.407Z - error: SQS Error InvalidParameterValue: Value 0x092455d5064a892dae872d02bdfd2aa1fa687810c1a2e8932e71462813afc777 for parameter MessageDeduplicationId is invalid. Reason: The request include parameter that is not valid for this queue type.
    at Request.extractError (/Users/danfield/Documents/df/eth/dev/DappBridge/node_modules/aws-sdk/lib/protocol/query.js:47:29)
    at Request.callListeners (/Users/danfield/Documents/df/eth/dev/DappBridge/node_modules/aws-sdk/lib/sequential_executor.js:105:20)
    at Request.emit (/Users/danfield/Documents/df/eth/dev/DappBridge/node_modules/aws-sdk/lib/sequential_executor.js:77:10)
    at Request.emit (/Users/danfield/Documents/df/eth/dev/DappBridge/node_modules/aws-sdk/lib/request.js:683:14)
    at Request.transition (/Users/danfield/Documents/df/eth/dev/DappBridge/node_modules/aws-sdk/lib/request.js:22:10)
    at AcceptorStateMachine.runTo (/Users/danfield/Documents/df/eth/dev/DappBridge/node_modules/aws-sdk/lib/state_machine.js:14:12)
    at /Users/danfield/Documents/df/eth/dev/DappBridge/node_modules/aws-sdk/lib/state_machine.js:26:10
    at Request.<anonymous> (/Users/danfield/Documents/df/eth/dev/DappBridge/node_modules/aws-sdk/lib/request.js:38:9)
    at Request.<anonymous> (/Users/danfield/Documents/df/eth/dev/DappBridge/node_modules/aws-sdk/lib/request.js:685:12)
    at Request.callListeners (/Users/danfield/Documents/df/eth/dev/DappBridge/node_modules/aws-sdk/lib/sequential_executor.js:115:18)
    at Request.emit (/Users/danfield/Documents/df/eth/dev/DappBridge/node_modules/aws-sdk/lib/sequential_executor.js:77:10)
    at Request.emit (/Users/danfield/Documents/df/eth/dev/DappBridge/node_modules/aws-sdk/lib/request.js:683:14)
    at Request.transition (/Users/danfield/Documents/df/eth/dev/DappBridge/node_modules/aws-sdk/lib/request.js:22:10)
    at AcceptorStateMachine.runTo (/Users/danfield/Documents/df/eth/dev/DappBridge/node_modules/aws-sdk/lib/state_machine.js:14:12)
    at /Users/danfield/Documents/df/eth/dev/DappBridge/node_modules/aws-sdk/lib/state_machine.js:26:10
    at Request.<anonymous> (/Users/danfield/Documents/df/eth/dev/DappBridge/node_modules/aws-sdk/lib/request.js:38:9)
    at Request.<anonymous> (/Users/danfield/Documents/df/eth/dev/DappBridge/node_modules/aws-sdk/lib/request.js:685:12)
    at Request.callListeners (/Users/danfield/Documents/df/eth/dev/DappBridge/node_modules/aws-sdk/lib/sequential_executor.js:115:18)
    at callNextListener (/Users/danfield/Documents/df/eth/dev/DappBridge/node_modules/aws-sdk/lib/sequential_executor.js:95:12)
    at IncomingMessage.onEnd (/Users/danfield/Documents/df/eth/dev/DappBridge/node_modules/aws-sdk/lib/event_listeners.js:269:13)
    at emitNone (events.js:111:20)
    at IncomingMessage.emit (events.js:208:7)
2018-05-12T11:55:46.416Z - error: SQS Error InvalidParameterValue: Value 0x59c3287ce5392b4fb7a8e3552d002f5958051518f751ea25d60bd53910c03047 for parameter MessageDeduplicationId is invalid. Reason: The request include parameter that is not valid for this queue type.
    at Request.extractError (/Users/danfield/Documents/df/eth/dev/DappBridge/node_modules/aws-sdk/lib/protocol/query.js:47:29)
    at Request.callListeners (/Users/danfield/Documents/df/eth/dev/DappBridge/node_modules/aws-sdk/lib/sequential_executor.js:105:20)
    at Request.emit (/Users/danfield/Documents/df/eth/dev/DappBridge/node_modules/aws-sdk/lib/sequential_executor.js:77:10)
    at Request.emit (/Users/danfield/Documents/df/eth/dev/DappBridge/node_modules/aws-sdk/lib/request.js:683:14)
    at Request.transition (/Users/danfield/Documents/df/eth/dev/DappBridge/node_modules/aws-sdk/lib/request.js:22:10)
    at AcceptorStateMachine.runTo (/Users/danfield/Documents/df/eth/dev/DappBridge/node_modules/aws-sdk/lib/state_machine.js:14:12)
    at /Users/danfield/Documents/df/eth/dev/DappBridge/node_modules/aws-sdk/lib/state_machine.js:26:10
    at Request.<anonymous> (/Users/danfield/Documents/df/eth/dev/DappBridge/node_modules/aws-sdk/lib/request.js:38:9)
    at Request.<anonymous> (/Users/danfield/Documents/df/eth/dev/DappBridge/node_modules/aws-sdk/lib/request.js:685:12)
    at Request.callListeners (/Users/danfield/Documents/df/eth/dev/DappBridge/node_modules/aws-sdk/lib/sequential_executor.js:115:18)
    at Request.emit (/Users/danfield/Documents/df/eth/dev/DappBridge/node_modules/aws-sdk/lib/sequential_executor.js:77:10)
    at Request.emit (/Users/danfield/Documents/df/eth/dev/DappBridge/node_modules/aws-sdk/lib/request.js:683:14)
    at Request.transition (/Users/danfield/Documents/df/eth/dev/DappBridge/node_modules/aws-sdk/lib/request.js:22:10)
    at AcceptorStateMachine.runTo (/Users/danfield/Documents/df/eth/dev/DappBridge/node_modules/aws-sdk/lib/state_machine.js:14:12)
    at /Users/danfield/Documents/df/eth/dev/DappBridge/node_modules/aws-sdk/lib/state_machine.js:26:10
    at Request.<anonymous> (/Users/danfield/Documents/df/eth/dev/DappBridge/node_modules/aws-sdk/lib/request.js:38:9)
    at Request.<anonymous> (/Users/danfield/Documents/df/eth/dev/DappBridge/node_modules/aws-sdk/lib/request.js:685:12)
    at Request.callListeners (/Users/danfield/Documents/df/eth/dev/DappBridge/node_modules/aws-sdk/lib/sequential_executor.js:115:18)
    at callNextListener (/Users/danfield/Documents/df/eth/dev/DappBridge/node_modules/aws-sdk/lib/sequential_executor.js:95:12)
    at IncomingMessage.onEnd (/Users/danfield/Documents/df/eth/dev/DappBridge/node_modules/aws-sdk/lib/event_listeners.js:269:13)
    at emitNone (events.js:111:20)
    at IncomingMessage.emit (events.js:208:7)
2018-05-12T11:56:18.835Z - error: SQS Error InvalidParameterValue: Value 0x092455d5064a892dae872d02bdfd2aa1fa687810c1a2e8932e71462813afc777 for parameter MessageDeduplicationId is invalid. Reason: The request include parameter that is not valid for this queue type.
    at Request.extractError (/Users/danfield/Documents/df/eth/dev/DappBridge/node_modules/aws-sdk/lib/protocol/query.js:47:29)
    at Request.callListeners (/Users/danfield/Documents/df/eth/dev/DappBridge/node_modules/aws-sdk/lib/sequential_executor.js:105:20)
    at Request.emit (/Users/danfield/Documents/df/eth/dev/DappBridge/node_modules/aws-sdk/lib/sequential_executor.js:77:10)
    at Request.emit (/Users/danfield/Documents/df/eth/dev/DappBridge/node_modules/aws-sdk/lib/request.js:683:14)
    at Request.transition (/Users/danfield/Documents/df/eth/dev/DappBridge/node_modules/aws-sdk/lib/request.js:22:10)
    at AcceptorStateMachine.runTo (/Users/danfield/Documents/df/eth/dev/DappBridge/node_modules/aws-sdk/lib/state_machine.js:14:12)
    at /Users/danfield/Documents/df/eth/dev/DappBridge/node_modules/aws-sdk/lib/state_machine.js:26:10
    at Request.<anonymous> (/Users/danfield/Documents/df/eth/dev/DappBridge/node_modules/aws-sdk/lib/request.js:38:9)
    at Request.<anonymous> (/Users/danfield/Documents/df/eth/dev/DappBridge/node_modules/aws-sdk/lib/request.js:685:12)
    at Request.callListeners (/Users/danfield/Documents/df/eth/dev/DappBridge/node_modules/aws-sdk/lib/sequential_executor.js:115:18)
    at Request.emit (/Users/danfield/Documents/df/eth/dev/DappBridge/node_modules/aws-sdk/lib/sequential_executor.js:77:10)
    at Request.emit (/Users/danfield/Documents/df/eth/dev/DappBridge/node_modules/aws-sdk/lib/request.js:683:14)
    at Request.transition (/Users/danfield/Documents/df/eth/dev/DappBridge/node_modules/aws-sdk/lib/request.js:22:10)
    at AcceptorStateMachine.runTo (/Users/danfield/Documents/df/eth/dev/DappBridge/node_modules/aws-sdk/lib/state_machine.js:14:12)
    at /Users/danfield/Documents/df/eth/dev/DappBridge/node_modules/aws-sdk/lib/state_machine.js:26:10
    at Request.<anonymous> (/Users/danfield/Documents/df/eth/dev/DappBridge/node_modules/aws-sdk/lib/request.js:38:9)
    at Request.<anonymous> (/Users/danfield/Documents/df/eth/dev/DappBridge/node_modules/aws-sdk/lib/request.js:685:12)
    at Request.callListeners (/Users/danfield/Documents/df/eth/dev/DappBridge/node_modules/aws-sdk/lib/sequential_executor.js:115:18)
    at callNextListener (/Users/danfield/Documents/df/eth/dev/DappBridge/node_modules/aws-sdk/lib/sequential_executor.js:95:12)
    at IncomingMessage.onEnd (/Users/danfield/Documents/df/eth/dev/DappBridge/node_modules/aws-sdk/lib/event_listeners.js:269:13)
    at emitNone (events.js:111:20)
    at IncomingMessage.emit (events.js:208:7)
2018-05-12T11:56:18.885Z - error: SQS Error InvalidParameterValue: Value 0x60c7450ba928fe9aacbf728e9246b09afc6f78e6efc617442de77e131a711e18 for parameter MessageDeduplicationId is invalid. Reason: The request include parameter that is not valid for this queue type.
    at Request.extractError (/Users/danfield/Documents/df/eth/dev/DappBridge/node_modules/aws-sdk/lib/protocol/query.js:47:29)
    at Request.callListeners (/Users/danfield/Documents/df/eth/dev/DappBridge/node_modules/aws-sdk/lib/sequential_executor.js:105:20)
    at Request.emit (/Users/danfield/Documents/df/eth/dev/DappBridge/node_modules/aws-sdk/lib/sequential_executor.js:77:10)
    at Request.emit (/Users/danfield/Documents/df/eth/dev/DappBridge/node_modules/aws-sdk/lib/request.js:683:14)
    at Request.transition (/Users/danfield/Documents/df/eth/dev/DappBridge/node_modules/aws-sdk/lib/request.js:22:10)
    at AcceptorStateMachine.runTo (/Users/danfield/Documents/df/eth/dev/DappBridge/node_modules/aws-sdk/lib/state_machine.js:14:12)
    at /Users/danfield/Documents/df/eth/dev/DappBridge/node_modules/aws-sdk/lib/state_machine.js:26:10
    at Request.<anonymous> (/Users/danfield/Documents/df/eth/dev/DappBridge/node_modules/aws-sdk/lib/request.js:38:9)
    at Request.<anonymous> (/Users/danfield/Documents/df/eth/dev/DappBridge/node_modules/aws-sdk/lib/request.js:685:12)
    at Request.callListeners (/Users/danfield/Documents/df/eth/dev/DappBridge/node_modules/aws-sdk/lib/sequential_executor.js:115:18)
    at Request.emit (/Users/danfield/Documents/df/eth/dev/DappBridge/node_modules/aws-sdk/lib/sequential_executor.js:77:10)
    at Request.emit (/Users/danfield/Documents/df/eth/dev/DappBridge/node_modules/aws-sdk/lib/request.js:683:14)
    at Request.transition (/Users/danfield/Documents/df/eth/dev/DappBridge/node_modules/aws-sdk/lib/request.js:22:10)
    at AcceptorStateMachine.runTo (/Users/danfield/Documents/df/eth/dev/DappBridge/node_modules/aws-sdk/lib/state_machine.js:14:12)
    at /Users/danfield/Documents/df/eth/dev/DappBridge/node_modules/aws-sdk/lib/state_machine.js:26:10
    at Request.<anonymous> (/Users/danfield/Documents/df/eth/dev/DappBridge/node_modules/aws-sdk/lib/request.js:38:9)
    at Request.<anonymous> (/Users/danfield/Documents/df/eth/dev/DappBridge/node_modules/aws-sdk/lib/request.js:685:12)
    at Request.callListeners (/Users/danfield/Documents/df/eth/dev/DappBridge/node_modules/aws-sdk/lib/sequential_executor.js:115:18)
    at callNextListener (/Users/danfield/Documents/df/eth/dev/DappBridge/node_modules/aws-sdk/lib/sequential_executor.js:95:12)
    at IncomingMessage.onEnd (/Users/danfield/Documents/df/eth/dev/DappBridge/node_modules/aws-sdk/lib/event_listeners.js:269:13)
    at emitNone (events.js:111:20)
    at IncomingMessage.emit (events.js:208:7)
2018-05-12T11:56:18.904Z - error: SQS Error InvalidParameterValue: Value 0x59c3287ce5392b4fb7a8e3552d002f5958051518f751ea25d60bd53910c03047 for parameter MessageDeduplicationId is invalid. Reason: The request include parameter that is not valid for this queue type.
    at Request.extractError (/Users/danfield/Documents/df/eth/dev/DappBridge/node_modules/aws-sdk/lib/protocol/query.js:47:29)
    at Request.callListeners (/Users/danfield/Documents/df/eth/dev/DappBridge/node_modules/aws-sdk/lib/sequential_executor.js:105:20)
    at Request.emit (/Users/danfield/Documents/df/eth/dev/DappBridge/node_modules/aws-sdk/lib/sequential_executor.js:77:10)
    at Request.emit (/Users/danfield/Documents/df/eth/dev/DappBridge/node_modules/aws-sdk/lib/request.js:683:14)
    at Request.transition (/Users/danfield/Documents/df/eth/dev/DappBridge/node_modules/aws-sdk/lib/request.js:22:10)
    at AcceptorStateMachine.runTo (/Users/danfield/Documents/df/eth/dev/DappBridge/node_modules/aws-sdk/lib/state_machine.js:14:12)
    at /Users/danfield/Documents/df/eth/dev/DappBridge/node_modules/aws-sdk/lib/state_machine.js:26:10
    at Request.<anonymous> (/Users/danfield/Documents/df/eth/dev/DappBridge/node_modules/aws-sdk/lib/request.js:38:9)
    at Request.<anonymous> (/Users/danfield/Documents/df/eth/dev/DappBridge/node_modules/aws-sdk/lib/request.js:685:12)
    at Request.callListeners (/Users/danfield/Documents/df/eth/dev/DappBridge/node_modules/aws-sdk/lib/sequential_executor.js:115:18)
    at Request.emit (/Users/danfield/Documents/df/eth/dev/DappBridge/node_modules/aws-sdk/lib/sequential_executor.js:77:10)
    at Request.emit (/Users/danfield/Documents/df/eth/dev/DappBridge/node_modules/aws-sdk/lib/request.js:683:14)
    at Request.transition (/Users/danfield/Documents/df/eth/dev/DappBridge/node_modules/aws-sdk/lib/request.js:22:10)
    at AcceptorStateMachine.runTo (/Users/danfield/Documents/df/eth/dev/DappBridge/node_modules/aws-sdk/lib/state_machine.js:14:12)
    at /Users/danfield/Documents/df/eth/dev/DappBridge/node_modules/aws-sdk/lib/state_machine.js:26:10
    at Request.<anonymous> (/Users/danfield/Documents/df/eth/dev/DappBridge/node_modules/aws-sdk/lib/request.js:38:9)
    at Request.<anonymous> (/Users/danfield/Documents/df/eth/dev/DappBridge/node_modules/aws-sdk/lib/request.js:685:12)
    at Request.callListeners (/Users/danfield/Documents/df/eth/dev/DappBridge/node_modules/aws-sdk/lib/sequential_executor.js:115:18)
    at callNextListener (/Users/danfield/Documents/df/eth/dev/DappBridge/node_modules/aws-sdk/lib/sequential_executor.js:95:12)
    at IncomingMessage.onEnd (/Users/danfield/Documents/df/eth/dev/DappBridge/node_modules/aws-sdk/lib/event_listeners.js:269:13)
    at emitNone (events.js:111:20)
    at IncomingMessage.emit (events.js:208:7)
2018-05-12T11:56:18.918Z - error: SQS Error InvalidParameterValue: Value 0x4ab849790aaed51b656d966889dfcd3fa3121702fb15eb123cbcbce3dcc44f97 for parameter MessageDeduplicationId is invalid. Reason: The request include parameter that is not valid for this queue type.
    at Request.extractError (/Users/danfield/Documents/df/eth/dev/DappBridge/node_modules/aws-sdk/lib/protocol/query.js:47:29)
    at Request.callListeners (/Users/danfield/Documents/df/eth/dev/DappBridge/node_modules/aws-sdk/lib/sequential_executor.js:105:20)
    at Request.emit (/Users/danfield/Documents/df/eth/dev/DappBridge/node_modules/aws-sdk/lib/sequential_executor.js:77:10)
    at Request.emit (/Users/danfield/Documents/df/eth/dev/DappBridge/node_modules/aws-sdk/lib/request.js:683:14)
    at Request.transition (/Users/danfield/Documents/df/eth/dev/DappBridge/node_modules/aws-sdk/lib/request.js:22:10)
    at AcceptorStateMachine.runTo (/Users/danfield/Documents/df/eth/dev/DappBridge/node_modules/aws-sdk/lib/state_machine.js:14:12)
    at /Users/danfield/Documents/df/eth/dev/DappBridge/node_modules/aws-sdk/lib/state_machine.js:26:10
    at Request.<anonymous> (/Users/danfield/Documents/df/eth/dev/DappBridge/node_modules/aws-sdk/lib/request.js:38:9)
    at Request.<anonymous> (/Users/danfield/Documents/df/eth/dev/DappBridge/node_modules/aws-sdk/lib/request.js:685:12)
    at Request.callListeners (/Users/danfield/Documents/df/eth/dev/DappBridge/node_modules/aws-sdk/lib/sequential_executor.js:115:18)
    at Request.emit (/Users/danfield/Documents/df/eth/dev/DappBridge/node_modules/aws-sdk/lib/sequential_executor.js:77:10)
    at Request.emit (/Users/danfield/Documents/df/eth/dev/DappBridge/node_modules/aws-sdk/lib/request.js:683:14)
    at Request.transition (/Users/danfield/Documents/df/eth/dev/DappBridge/node_modules/aws-sdk/lib/request.js:22:10)
    at AcceptorStateMachine.runTo (/Users/danfield/Documents/df/eth/dev/DappBridge/node_modules/aws-sdk/lib/state_machine.js:14:12)
    at /Users/danfield/Documents/df/eth/dev/DappBridge/node_modules/aws-sdk/lib/state_machine.js:26:10
    at Request.<anonymous> (/Users/danfield/Documents/df/eth/dev/DappBridge/node_modules/aws-sdk/lib/request.js:38:9)
    at Request.<anonymous> (/Users/danfield/Documents/df/eth/dev/DappBridge/node_modules/aws-sdk/lib/request.js:685:12)
    at Request.callListeners (/Users/danfield/Documents/df/eth/dev/DappBridge/node_modules/aws-sdk/lib/sequential_executor.js:115:18)
    at callNextListener (/Users/danfield/Documents/df/eth/dev/DappBridge/node_modules/aws-sdk/lib/sequential_executor.js:95:12)
    at IncomingMessage.onEnd (/Users/danfield/Documents/df/eth/dev/DappBridge/node_modules/aws-sdk/lib/event_listeners.js:269:13)
    at emitNone (events.js:111:20)
    at IncomingMessage.emit (events.js:208:7)
2018-05-12T11:58:27.804Z - error: SQS Error InvalidParameterValue: Value setRandomTriger_event for parameter MessageGroupId is invalid. Reason: The request include parameter that is not valid for this queue type.
    at Request.extractError (/Users/danfield/Documents/df/eth/dev/DappBridge/node_modules/aws-sdk/lib/protocol/query.js:47:29)
    at Request.callListeners (/Users/danfield/Documents/df/eth/dev/DappBridge/node_modules/aws-sdk/lib/sequential_executor.js:105:20)
    at Request.emit (/Users/danfield/Documents/df/eth/dev/DappBridge/node_modules/aws-sdk/lib/sequential_executor.js:77:10)
    at Request.emit (/Users/danfield/Documents/df/eth/dev/DappBridge/node_modules/aws-sdk/lib/request.js:683:14)
    at Request.transition (/Users/danfield/Documents/df/eth/dev/DappBridge/node_modules/aws-sdk/lib/request.js:22:10)
    at AcceptorStateMachine.runTo (/Users/danfield/Documents/df/eth/dev/DappBridge/node_modules/aws-sdk/lib/state_machine.js:14:12)
    at /Users/danfield/Documents/df/eth/dev/DappBridge/node_modules/aws-sdk/lib/state_machine.js:26:10
    at Request.<anonymous> (/Users/danfield/Documents/df/eth/dev/DappBridge/node_modules/aws-sdk/lib/request.js:38:9)
    at Request.<anonymous> (/Users/danfield/Documents/df/eth/dev/DappBridge/node_modules/aws-sdk/lib/request.js:685:12)
    at Request.callListeners (/Users/danfield/Documents/df/eth/dev/DappBridge/node_modules/aws-sdk/lib/sequential_executor.js:115:18)
    at Request.emit (/Users/danfield/Documents/df/eth/dev/DappBridge/node_modules/aws-sdk/lib/sequential_executor.js:77:10)
    at Request.emit (/Users/danfield/Documents/df/eth/dev/DappBridge/node_modules/aws-sdk/lib/request.js:683:14)
    at Request.transition (/Users/danfield/Documents/df/eth/dev/DappBridge/node_modules/aws-sdk/lib/request.js:22:10)
    at AcceptorStateMachine.runTo (/Users/danfield/Documents/df/eth/dev/DappBridge/node_modules/aws-sdk/lib/state_machine.js:14:12)
    at /Users/danfield/Documents/df/eth/dev/DappBridge/node_modules/aws-sdk/lib/state_machine.js:26:10
    at Request.<anonymous> (/Users/danfield/Documents/df/eth/dev/DappBridge/node_modules/aws-sdk/lib/request.js:38:9)
    at Request.<anonymous> (/Users/danfield/Documents/df/eth/dev/DappBridge/node_modules/aws-sdk/lib/request.js:685:12)
    at Request.callListeners (/Users/danfield/Documents/df/eth/dev/DappBridge/node_modules/aws-sdk/lib/sequential_executor.js:115:18)
    at callNextListener (/Users/danfield/Documents/df/eth/dev/DappBridge/node_modules/aws-sdk/lib/sequential_executor.js:95:12)
    at IncomingMessage.onEnd (/Users/danfield/Documents/df/eth/dev/DappBridge/node_modules/aws-sdk/lib/event_listeners.js:269:13)
    at emitNone (events.js:111:20)
    at IncomingMessage.emit (events.js:208:7)
2018-05-12T11:58:27.839Z - error: SQS Error InvalidParameterValue: Value setRandomTriger_event for parameter MessageGroupId is invalid. Reason: The request include parameter that is not valid for this queue type.
    at Request.extractError (/Users/danfield/Documents/df/eth/dev/DappBridge/node_modules/aws-sdk/lib/protocol/query.js:47:29)
    at Request.callListeners (/Users/danfield/Documents/df/eth/dev/DappBridge/node_modules/aws-sdk/lib/sequential_executor.js:105:20)
    at Request.emit (/Users/danfield/Documents/df/eth/dev/DappBridge/node_modules/aws-sdk/lib/sequential_executor.js:77:10)
    at Request.emit (/Users/danfield/Documents/df/eth/dev/DappBridge/node_modules/aws-sdk/lib/request.js:683:14)
    at Request.transition (/Users/danfield/Documents/df/eth/dev/DappBridge/node_modules/aws-sdk/lib/request.js:22:10)
    at AcceptorStateMachine.runTo (/Users/danfield/Documents/df/eth/dev/DappBridge/node_modules/aws-sdk/lib/state_machine.js:14:12)
    at /Users/danfield/Documents/df/eth/dev/DappBridge/node_modules/aws-sdk/lib/state_machine.js:26:10
    at Request.<anonymous> (/Users/danfield/Documents/df/eth/dev/DappBridge/node_modules/aws-sdk/lib/request.js:38:9)
    at Request.<anonymous> (/Users/danfield/Documents/df/eth/dev/DappBridge/node_modules/aws-sdk/lib/request.js:685:12)
    at Request.callListeners (/Users/danfield/Documents/df/eth/dev/DappBridge/node_modules/aws-sdk/lib/sequential_executor.js:115:18)
    at Request.emit (/Users/danfield/Documents/df/eth/dev/DappBridge/node_modules/aws-sdk/lib/sequential_executor.js:77:10)
    at Request.emit (/Users/danfield/Documents/df/eth/dev/DappBridge/node_modules/aws-sdk/lib/request.js:683:14)
    at Request.transition (/Users/danfield/Documents/df/eth/dev/DappBridge/node_modules/aws-sdk/lib/request.js:22:10)
    at AcceptorStateMachine.runTo (/Users/danfield/Documents/df/eth/dev/DappBridge/node_modules/aws-sdk/lib/state_machine.js:14:12)
    at /Users/danfield/Documents/df/eth/dev/DappBridge/node_modules/aws-sdk/lib/state_machine.js:26:10
    at Request.<anonymous> (/Users/danfield/Documents/df/eth/dev/DappBridge/node_modules/aws-sdk/lib/request.js:38:9)
    at Request.<anonymous> (/Users/danfield/Documents/df/eth/dev/DappBridge/node_modules/aws-sdk/lib/request.js:685:12)
    at Request.callListeners (/Users/danfield/Documents/df/eth/dev/DappBridge/node_modules/aws-sdk/lib/sequential_executor.js:115:18)
    at callNextListener (/Users/danfield/Documents/df/eth/dev/DappBridge/node_modules/aws-sdk/lib/sequential_executor.js:95:12)
    at IncomingMessage.onEnd (/Users/danfield/Documents/df/eth/dev/DappBridge/node_modules/aws-sdk/lib/event_listeners.js:269:13)
    at emitNone (events.js:111:20)
    at IncomingMessage.emit (events.js:208:7)
2018-05-12T11:58:27.856Z - error: SQS Error InvalidParameterValue: Value setRandomTriger_event for parameter MessageGroupId is invalid. Reason: The request include parameter that is not valid for this queue type.
    at Request.extractError (/Users/danfield/Documents/df/eth/dev/DappBridge/node_modules/aws-sdk/lib/protocol/query.js:47:29)
    at Request.callListeners (/Users/danfield/Documents/df/eth/dev/DappBridge/node_modules/aws-sdk/lib/sequential_executor.js:105:20)
    at Request.emit (/Users/danfield/Documents/df/eth/dev/DappBridge/node_modules/aws-sdk/lib/sequential_executor.js:77:10)
    at Request.emit (/Users/danfield/Documents/df/eth/dev/DappBridge/node_modules/aws-sdk/lib/request.js:683:14)
    at Request.transition (/Users/danfield/Documents/df/eth/dev/DappBridge/node_modules/aws-sdk/lib/request.js:22:10)
    at AcceptorStateMachine.runTo (/Users/danfield/Documents/df/eth/dev/DappBridge/node_modules/aws-sdk/lib/state_machine.js:14:12)
    at /Users/danfield/Documents/df/eth/dev/DappBridge/node_modules/aws-sdk/lib/state_machine.js:26:10
    at Request.<anonymous> (/Users/danfield/Documents/df/eth/dev/DappBridge/node_modules/aws-sdk/lib/request.js:38:9)
    at Request.<anonymous> (/Users/danfield/Documents/df/eth/dev/DappBridge/node_modules/aws-sdk/lib/request.js:685:12)
    at Request.callListeners (/Users/danfield/Documents/df/eth/dev/DappBridge/node_modules/aws-sdk/lib/sequential_executor.js:115:18)
    at Request.emit (/Users/danfield/Documents/df/eth/dev/DappBridge/node_modules/aws-sdk/lib/sequential_executor.js:77:10)
    at Request.emit (/Users/danfield/Documents/df/eth/dev/DappBridge/node_modules/aws-sdk/lib/request.js:683:14)
    at Request.transition (/Users/danfield/Documents/df/eth/dev/DappBridge/node_modules/aws-sdk/lib/request.js:22:10)
    at AcceptorStateMachine.runTo (/Users/danfield/Documents/df/eth/dev/DappBridge/node_modules/aws-sdk/lib/state_machine.js:14:12)
    at /Users/danfield/Documents/df/eth/dev/DappBridge/node_modules/aws-sdk/lib/state_machine.js:26:10
    at Request.<anonymous> (/Users/danfield/Documents/df/eth/dev/DappBridge/node_modules/aws-sdk/lib/request.js:38:9)
    at Request.<anonymous> (/Users/danfield/Documents/df/eth/dev/DappBridge/node_modules/aws-sdk/lib/request.js:685:12)
    at Request.callListeners (/Users/danfield/Documents/df/eth/dev/DappBridge/node_modules/aws-sdk/lib/sequential_executor.js:115:18)
    at callNextListener (/Users/danfield/Documents/df/eth/dev/DappBridge/node_modules/aws-sdk/lib/sequential_executor.js:95:12)
    at IncomingMessage.onEnd (/Users/danfield/Documents/df/eth/dev/DappBridge/node_modules/aws-sdk/lib/event_listeners.js:269:13)
    at emitNone (events.js:111:20)
    at IncomingMessage.emit (events.js:208:7)
2018-05-12T11:58:27.867Z - error: SQS Error InvalidParameterValue: Value setRandomTriger_event for parameter MessageGroupId is invalid. Reason: The request include parameter that is not valid for this queue type.
    at Request.extractError (/Users/danfield/Documents/df/eth/dev/DappBridge/node_modules/aws-sdk/lib/protocol/query.js:47:29)
    at Request.callListeners (/Users/danfield/Documents/df/eth/dev/DappBridge/node_modules/aws-sdk/lib/sequential_executor.js:105:20)
    at Request.emit (/Users/danfield/Documents/df/eth/dev/DappBridge/node_modules/aws-sdk/lib/sequential_executor.js:77:10)
    at Request.emit (/Users/danfield/Documents/df/eth/dev/DappBridge/node_modules/aws-sdk/lib/request.js:683:14)
    at Request.transition (/Users/danfield/Documents/df/eth/dev/DappBridge/node_modules/aws-sdk/lib/request.js:22:10)
    at AcceptorStateMachine.runTo (/Users/danfield/Documents/df/eth/dev/DappBridge/node_modules/aws-sdk/lib/state_machine.js:14:12)
    at /Users/danfield/Documents/df/eth/dev/DappBridge/node_modules/aws-sdk/lib/state_machine.js:26:10
    at Request.<anonymous> (/Users/danfield/Documents/df/eth/dev/DappBridge/node_modules/aws-sdk/lib/request.js:38:9)
    at Request.<anonymous> (/Users/danfield/Documents/df/eth/dev/DappBridge/node_modules/aws-sdk/lib/request.js:685:12)
    at Request.callListeners (/Users/danfield/Documents/df/eth/dev/DappBridge/node_modules/aws-sdk/lib/sequential_executor.js:115:18)
    at Request.emit (/Users/danfield/Documents/df/eth/dev/DappBridge/node_modules/aws-sdk/lib/sequential_executor.js:77:10)
    at Request.emit (/Users/danfield/Documents/df/eth/dev/DappBridge/node_modules/aws-sdk/lib/request.js:683:14)
    at Request.transition (/Users/danfield/Documents/df/eth/dev/DappBridge/node_modules/aws-sdk/lib/request.js:22:10)
    at AcceptorStateMachine.runTo (/Users/danfield/Documents/df/eth/dev/DappBridge/node_modules/aws-sdk/lib/state_machine.js:14:12)
    at /Users/danfield/Documents/df/eth/dev/DappBridge/node_modules/aws-sdk/lib/state_machine.js:26:10
    at Request.<anonymous> (/Users/danfield/Documents/df/eth/dev/DappBridge/node_modules/aws-sdk/lib/request.js:38:9)
    at Request.<anonymous> (/Users/danfield/Documents/df/eth/dev/DappBridge/node_modules/aws-sdk/lib/request.js:685:12)
    at Request.callListeners (/Users/danfield/Documents/df/eth/dev/DappBridge/node_modules/aws-sdk/lib/sequential_executor.js:115:18)
    at callNextListener (/Users/danfield/Documents/df/eth/dev/DappBridge/node_modules/aws-sdk/lib/sequential_executor.js:95:12)
    at IncomingMessage.onEnd (/Users/danfield/Documents/df/eth/dev/DappBridge/node_modules/aws-sdk/lib/event_listeners.js:269:13)
    at emitNone (events.js:111:20)
    at IncomingMessage.emit (events.js:208:7)
