2018-04-23T15:18:44.989Z - error: Delete Error InvalidParameterValue: Value AQEBNnW8GVzh9BYWluYPy5YzLl4TCrvxXACeVPH+cUyJA4NroBbcBUEXXDd58bXYnlfLsR8XAfTw4Ihg2LsB3FJRrNtQrtlkWIydLi7YIVP82QaGwoZjp3GPf53R/tL7nrASTB2OMdXQh1n6CNHUP9rucLbNuseJT0+6waf3+gYxK5xf/8gFfby/mryWsYl5ftbyOGT+Ts33kN4VjQNKFgABkOYCcLCsp61tWeqyNw/wY1EZ4etcY1ZbK+Rlc5KgxGo3Qt2SUPFpRtarxEp5IWdXE/SvJ9BE4xCifchUdIhN61BA+HESnAwMsXMmFuknQCMS for parameter ReceiptHandle is invalid. Reason: The receipt handle has expired.
    at Request.extractError (/Users/danfield/Documents/df/eth/SolidityUtil/node_modules/aws-sdk/lib/protocol/query.js:47:29)
    at Request.callListeners (/Users/danfield/Documents/df/eth/SolidityUtil/node_modules/aws-sdk/lib/sequential_executor.js:105:20)
    at Request.emit (/Users/danfield/Documents/df/eth/SolidityUtil/node_modules/aws-sdk/lib/sequential_executor.js:77:10)
    at Request.emit (/Users/danfield/Documents/df/eth/SolidityUtil/node_modules/aws-sdk/lib/request.js:683:14)
    at Request.transition (/Users/danfield/Documents/df/eth/SolidityUtil/node_modules/aws-sdk/lib/request.js:22:10)
    at AcceptorStateMachine.runTo (/Users/danfield/Documents/df/eth/SolidityUtil/node_modules/aws-sdk/lib/state_machine.js:14:12)
    at /Users/danfield/Documents/df/eth/SolidityUtil/node_modules/aws-sdk/lib/state_machine.js:26:10
    at Request.<anonymous> (/Users/danfield/Documents/df/eth/SolidityUtil/node_modules/aws-sdk/lib/request.js:38:9)
    at Request.<anonymous> (/Users/danfield/Documents/df/eth/SolidityUtil/node_modules/aws-sdk/lib/request.js:685:12)
    at Request.callListeners (/Users/danfield/Documents/df/eth/SolidityUtil/node_modules/aws-sdk/lib/sequential_executor.js:115:18)
    at Request.emit (/Users/danfield/Documents/df/eth/SolidityUtil/node_modules/aws-sdk/lib/sequential_executor.js:77:10)
    at Request.emit (/Users/danfield/Documents/df/eth/SolidityUtil/node_modules/aws-sdk/lib/request.js:683:14)
    at Request.transition (/Users/danfield/Documents/df/eth/SolidityUtil/node_modules/aws-sdk/lib/request.js:22:10)
    at AcceptorStateMachine.runTo (/Users/danfield/Documents/df/eth/SolidityUtil/node_modules/aws-sdk/lib/state_machine.js:14:12)
    at /Users/danfield/Documents/df/eth/SolidityUtil/node_modules/aws-sdk/lib/state_machine.js:26:10
    at Request.<anonymous> (/Users/danfield/Documents/df/eth/SolidityUtil/node_modules/aws-sdk/lib/request.js:38:9)
    at Request.<anonymous> (/Users/danfield/Documents/df/eth/SolidityUtil/node_modules/aws-sdk/lib/request.js:685:12)
    at Request.callListeners (/Users/danfield/Documents/df/eth/SolidityUtil/node_modules/aws-sdk/lib/sequential_executor.js:115:18)
    at callNextListener (/Users/danfield/Documents/df/eth/SolidityUtil/node_modules/aws-sdk/lib/sequential_executor.js:95:12)
    at IncomingMessage.onEnd (/Users/danfield/Documents/df/eth/SolidityUtil/node_modules/aws-sdk/lib/event_listeners.js:269:13)
    at IncomingMessage.emit (events.js:165:20)
    at endReadableNT (_stream_readable.js:1101:12)
2018-04-23T15:20:15.602Z - error: Delete Error: InvalidParameterValue: Value AQEBfEfnI0Ha6aZinDhCaZYSKYrUXxvAgvtR38Hb9+UmwiOnm+MK6T0sg/btQNuxT+Wqhekanbig/IFahfCHfTBlZHRW0zks/ovswmE+Ygakk7rw1f2oqrt8DKcrXD63uqcgEnZgleQepIbqZbs2uEHxH18iGgEmlxx66qMha5Pbyc6nyWNuExfClXW1prGuQITcivPGtwW/nSsVwc6vAZfFZLmC8aSqxB3z0cWI8XqBTjh0xGtYgB+zoH0TRgCtccqXgymf7WY+Qgz9CR2VW+0ts3OsKSucQqhfy/d7ltpD6twsKTnOKv30vkZxHKVisijD for parameter ReceiptHandle is invalid. Reason: The receipt handle has expired.
    at Request.extractError (/Users/danfield/Documents/df/eth/SolidityUtil/node_modules/aws-sdk/lib/protocol/query.js:47:29)
    at Request.callListeners (/Users/danfield/Documents/df/eth/SolidityUtil/node_modules/aws-sdk/lib/sequential_executor.js:105:20)
    at Request.emit (/Users/danfield/Documents/df/eth/SolidityUtil/node_modules/aws-sdk/lib/sequential_executor.js:77:10)
    at Request.emit (/Users/danfield/Documents/df/eth/SolidityUtil/node_modules/aws-sdk/lib/request.js:683:14)
    at Request.transition (/Users/danfield/Documents/df/eth/SolidityUtil/node_modules/aws-sdk/lib/request.js:22:10)
    at AcceptorStateMachine.runTo (/Users/danfield/Documents/df/eth/SolidityUtil/node_modules/aws-sdk/lib/state_machine.js:14:12)
    at /Users/danfield/Documents/df/eth/SolidityUtil/node_modules/aws-sdk/lib/state_machine.js:26:10
    at Request.<anonymous> (/Users/danfield/Documents/df/eth/SolidityUtil/node_modules/aws-sdk/lib/request.js:38:9)
    at Request.<anonymous> (/Users/danfield/Documents/df/eth/SolidityUtil/node_modules/aws-sdk/lib/request.js:685:12)
    at Request.callListeners (/Users/danfield/Documents/df/eth/SolidityUtil/node_modules/aws-sdk/lib/sequential_executor.js:115:18)
    at Request.emit (/Users/danfield/Documents/df/eth/SolidityUtil/node_modules/aws-sdk/lib/sequential_executor.js:77:10)
    at Request.emit (/Users/danfield/Documents/df/eth/SolidityUtil/node_modules/aws-sdk/lib/request.js:683:14)
    at Request.transition (/Users/danfield/Documents/df/eth/SolidityUtil/node_modules/aws-sdk/lib/request.js:22:10)
    at AcceptorStateMachine.runTo (/Users/danfield/Documents/df/eth/SolidityUtil/node_modules/aws-sdk/lib/state_machine.js:14:12)
    at /Users/danfield/Documents/df/eth/SolidityUtil/node_modules/aws-sdk/lib/state_machine.js:26:10
    at Request.<anonymous> (/Users/danfield/Documents/df/eth/SolidityUtil/node_modules/aws-sdk/lib/request.js:38:9)
    at Request.<anonymous> (/Users/danfield/Documents/df/eth/SolidityUtil/node_modules/aws-sdk/lib/request.js:685:12)
    at Request.callListeners (/Users/danfield/Documents/df/eth/SolidityUtil/node_modules/aws-sdk/lib/sequential_executor.js:115:18)
    at callNextListener (/Users/danfield/Documents/df/eth/SolidityUtil/node_modules/aws-sdk/lib/sequential_executor.js:95:12)
    at IncomingMessage.onEnd (/Users/danfield/Documents/df/eth/SolidityUtil/node_modules/aws-sdk/lib/event_listeners.js:269:13)
    at IncomingMessage.emit (events.js:165:20)
    at endReadableNT (_stream_readable.js:1101:12)
2018-04-23T15:21:12.266Z - error: Delete Error: InvalidParameterValue: Value AQEBn4tiCs9UxtCBNJr+w5CbJraANXE47kpufNKOxzRuNCHQtNtsdFNqLqmQoeJCt0JvtfcAEUC02IXK1x1yMtTZosvh98ZIPY3/XmFpRuH2w9QFNOSX+ZjJ9sm2DtEH+PON9UJpy0o4ouuDqsqe5AOnZzU2VmYuTuU5f9urf316Vp6IyNKdnAt0Z4kaTu1QPtVuk0UpVLmKU+EFfxxZi7Bxuph8qct85AVicgy7JAEyTq6tieAJwEKd6ObVi8l6aYetB4p78EohJjorF57G10ooAy0N8VvujLOT26rb1qM40dVoi1XsH3Fy9XYqepEb+LZm for parameter ReceiptHandle is invalid. Reason: The receipt handle has expired.
    at Request.extractError (/Users/danfield/Documents/df/eth/SolidityUtil/node_modules/aws-sdk/lib/protocol/query.js:47:29)
    at Request.callListeners (/Users/danfield/Documents/df/eth/SolidityUtil/node_modules/aws-sdk/lib/sequential_executor.js:105:20)
    at Request.emit (/Users/danfield/Documents/df/eth/SolidityUtil/node_modules/aws-sdk/lib/sequential_executor.js:77:10)
    at Request.emit (/Users/danfield/Documents/df/eth/SolidityUtil/node_modules/aws-sdk/lib/request.js:683:14)
    at Request.transition (/Users/danfield/Documents/df/eth/SolidityUtil/node_modules/aws-sdk/lib/request.js:22:10)
    at AcceptorStateMachine.runTo (/Users/danfield/Documents/df/eth/SolidityUtil/node_modules/aws-sdk/lib/state_machine.js:14:12)
    at /Users/danfield/Documents/df/eth/SolidityUtil/node_modules/aws-sdk/lib/state_machine.js:26:10
    at Request.<anonymous> (/Users/danfield/Documents/df/eth/SolidityUtil/node_modules/aws-sdk/lib/request.js:38:9)
    at Request.<anonymous> (/Users/danfield/Documents/df/eth/SolidityUtil/node_modules/aws-sdk/lib/request.js:685:12)
    at Request.callListeners (/Users/danfield/Documents/df/eth/SolidityUtil/node_modules/aws-sdk/lib/sequential_executor.js:115:18)
    at Request.emit (/Users/danfield/Documents/df/eth/SolidityUtil/node_modules/aws-sdk/lib/sequential_executor.js:77:10)
    at Request.emit (/Users/danfield/Documents/df/eth/SolidityUtil/node_modules/aws-sdk/lib/request.js:683:14)
    at Request.transition (/Users/danfield/Documents/df/eth/SolidityUtil/node_modules/aws-sdk/lib/request.js:22:10)
    at AcceptorStateMachine.runTo (/Users/danfield/Documents/df/eth/SolidityUtil/node_modules/aws-sdk/lib/state_machine.js:14:12)
    at /Users/danfield/Documents/df/eth/SolidityUtil/node_modules/aws-sdk/lib/state_machine.js:26:10
    at Request.<anonymous> (/Users/danfield/Documents/df/eth/SolidityUtil/node_modules/aws-sdk/lib/request.js:38:9)
    at Request.<anonymous> (/Users/danfield/Documents/df/eth/SolidityUtil/node_modules/aws-sdk/lib/request.js:685:12)
    at Request.callListeners (/Users/danfield/Documents/df/eth/SolidityUtil/node_modules/aws-sdk/lib/sequential_executor.js:115:18)
    at callNextListener (/Users/danfield/Documents/df/eth/SolidityUtil/node_modules/aws-sdk/lib/sequential_executor.js:95:12)
    at IncomingMessage.onEnd (/Users/danfield/Documents/df/eth/SolidityUtil/node_modules/aws-sdk/lib/event_listeners.js:269:13)
    at IncomingMessage.emit (events.js:165:20)
    at endReadableNT (_stream_readable.js:1101:12)
2018-04-23T15:24:33.310Z - error: Delete Error: InvalidParameterValue: Value AQEBNIcL0o8v/OrsxzQc3Zkjib+pltVU8Xa5MyQIPUiwbSYxqh+m0BhJy0h04eBRZxoKJ76v5ghYcULxKKXA4LBlbsZYFccws4cYOnGUJOzQ4Glp86wUoBHror7jG+BsfIPCRGJ3HyjEo0zwy0SXpwhQTl4eP0qKb5gsBE8viXvoBshDhiaLS/+0S5yY3k0O5DAdw11A7PfJIsNqqP3xIqafPcAh9u0eC/opjeulqVQuU+2Zz5R3OJqucTy0jlusvXWvIoBQAaNqJ0EkTJoPwWEHCDGDXLaaZnAZ58oETfpwczniA01bP18PeiJgfk+7m/L2 for parameter ReceiptHandle is invalid. Reason: The receipt handle has expired.
    at Request.extractError (/Users/danfield/Documents/df/eth/SolidityUtil/node_modules/aws-sdk/lib/protocol/query.js:47:29)
    at Request.callListeners (/Users/danfield/Documents/df/eth/SolidityUtil/node_modules/aws-sdk/lib/sequential_executor.js:105:20)
    at Request.emit (/Users/danfield/Documents/df/eth/SolidityUtil/node_modules/aws-sdk/lib/sequential_executor.js:77:10)
    at Request.emit (/Users/danfield/Documents/df/eth/SolidityUtil/node_modules/aws-sdk/lib/request.js:683:14)
    at Request.transition (/Users/danfield/Documents/df/eth/SolidityUtil/node_modules/aws-sdk/lib/request.js:22:10)
    at AcceptorStateMachine.runTo (/Users/danfield/Documents/df/eth/SolidityUtil/node_modules/aws-sdk/lib/state_machine.js:14:12)
    at /Users/danfield/Documents/df/eth/SolidityUtil/node_modules/aws-sdk/lib/state_machine.js:26:10
    at Request.<anonymous> (/Users/danfield/Documents/df/eth/SolidityUtil/node_modules/aws-sdk/lib/request.js:38:9)
    at Request.<anonymous> (/Users/danfield/Documents/df/eth/SolidityUtil/node_modules/aws-sdk/lib/request.js:685:12)
    at Request.callListeners (/Users/danfield/Documents/df/eth/SolidityUtil/node_modules/aws-sdk/lib/sequential_executor.js:115:18)
    at Request.emit (/Users/danfield/Documents/df/eth/SolidityUtil/node_modules/aws-sdk/lib/sequential_executor.js:77:10)
    at Request.emit (/Users/danfield/Documents/df/eth/SolidityUtil/node_modules/aws-sdk/lib/request.js:683:14)
    at Request.transition (/Users/danfield/Documents/df/eth/SolidityUtil/node_modules/aws-sdk/lib/request.js:22:10)
    at AcceptorStateMachine.runTo (/Users/danfield/Documents/df/eth/SolidityUtil/node_modules/aws-sdk/lib/state_machine.js:14:12)
    at /Users/danfield/Documents/df/eth/SolidityUtil/node_modules/aws-sdk/lib/state_machine.js:26:10
    at Request.<anonymous> (/Users/danfield/Documents/df/eth/SolidityUtil/node_modules/aws-sdk/lib/request.js:38:9)
    at Request.<anonymous> (/Users/danfield/Documents/df/eth/SolidityUtil/node_modules/aws-sdk/lib/request.js:685:12)
    at Request.callListeners (/Users/danfield/Documents/df/eth/SolidityUtil/node_modules/aws-sdk/lib/sequential_executor.js:115:18)
    at callNextListener (/Users/danfield/Documents/df/eth/SolidityUtil/node_modules/aws-sdk/lib/sequential_executor.js:95:12)
    at IncomingMessage.onEnd (/Users/danfield/Documents/df/eth/SolidityUtil/node_modules/aws-sdk/lib/event_listeners.js:269:13)
    at IncomingMessage.emit (events.js:165:20)
    at endReadableNT (_stream_readable.js:1101:12)
2018-04-23T15:25:54.271Z - error: Delete Error: InvalidParameterValue: Value AQEBi0wlY4IfS6tVeWcGW4d1zMVgpSys3za9iLkv66F1sY3fvwnSGU8Doal0v6gKcol7Hgehd2u5UqOppp1UULGPU6eimv+XYFJOpwx93de4DFI+zbY/8coRy1aGHEw66FZiDh3YJg9yq5Jwy+GbS5JyWXaQWvIV7hQC/ZLHvOSQ2BqNTLp9JfraDZ3LmnFzGfistWmqFEitq2xGEd4h8dkJd6u4eFinKExdjHaMiM0SHCc1ftIC4OgFJ0E24/Iv6z+j0qF/aarIDfplnlsWEhVBC2AHNC/GEN/MoKsQeLv/l1wXfMzOTk68mCvbkn01FObF for parameter ReceiptHandle is invalid. Reason: The receipt handle has expired.
    at Request.extractError (/Users/danfield/Documents/df/eth/SolidityUtil/node_modules/aws-sdk/lib/protocol/query.js:47:29)
    at Request.callListeners (/Users/danfield/Documents/df/eth/SolidityUtil/node_modules/aws-sdk/lib/sequential_executor.js:105:20)
    at Request.emit (/Users/danfield/Documents/df/eth/SolidityUtil/node_modules/aws-sdk/lib/sequential_executor.js:77:10)
    at Request.emit (/Users/danfield/Documents/df/eth/SolidityUtil/node_modules/aws-sdk/lib/request.js:683:14)
    at Request.transition (/Users/danfield/Documents/df/eth/SolidityUtil/node_modules/aws-sdk/lib/request.js:22:10)
    at AcceptorStateMachine.runTo (/Users/danfield/Documents/df/eth/SolidityUtil/node_modules/aws-sdk/lib/state_machine.js:14:12)
    at /Users/danfield/Documents/df/eth/SolidityUtil/node_modules/aws-sdk/lib/state_machine.js:26:10
    at Request.<anonymous> (/Users/danfield/Documents/df/eth/SolidityUtil/node_modules/aws-sdk/lib/request.js:38:9)
    at Request.<anonymous> (/Users/danfield/Documents/df/eth/SolidityUtil/node_modules/aws-sdk/lib/request.js:685:12)
    at Request.callListeners (/Users/danfield/Documents/df/eth/SolidityUtil/node_modules/aws-sdk/lib/sequential_executor.js:115:18)
    at Request.emit (/Users/danfield/Documents/df/eth/SolidityUtil/node_modules/aws-sdk/lib/sequential_executor.js:77:10)
    at Request.emit (/Users/danfield/Documents/df/eth/SolidityUtil/node_modules/aws-sdk/lib/request.js:683:14)
    at Request.transition (/Users/danfield/Documents/df/eth/SolidityUtil/node_modules/aws-sdk/lib/request.js:22:10)
    at AcceptorStateMachine.runTo (/Users/danfield/Documents/df/eth/SolidityUtil/node_modules/aws-sdk/lib/state_machine.js:14:12)
    at /Users/danfield/Documents/df/eth/SolidityUtil/node_modules/aws-sdk/lib/state_machine.js:26:10
    at Request.<anonymous> (/Users/danfield/Documents/df/eth/SolidityUtil/node_modules/aws-sdk/lib/request.js:38:9)
    at Request.<anonymous> (/Users/danfield/Documents/df/eth/SolidityUtil/node_modules/aws-sdk/lib/request.js:685:12)
    at Request.callListeners (/Users/danfield/Documents/df/eth/SolidityUtil/node_modules/aws-sdk/lib/sequential_executor.js:115:18)
    at callNextListener (/Users/danfield/Documents/df/eth/SolidityUtil/node_modules/aws-sdk/lib/sequential_executor.js:95:12)
    at IncomingMessage.onEnd (/Users/danfield/Documents/df/eth/SolidityUtil/node_modules/aws-sdk/lib/event_listeners.js:269:13)
    at IncomingMessage.emit (events.js:165:20)
    at endReadableNT (_stream_readable.js:1101:12)
2018-04-23T15:26:54.636Z - error: Delete Error: InvalidParameterValue: Value AQEBPTbBowuj9cCq1gxbec4iBbIXvJGV92RvkxMAv+gyEjPS5rgyqYDDx+06ACUiYzmpB+FzNBEeb4mhz6qrcMXNoRRvXJ0gmuN/s3EEuhJGqvXqxTcUgc1f9Bya+aHjdeJdqIZ5gC+d+kn/gupbAH5fvMhtnr6DL08KZpGlgS5wZ4KeZldZ/fcO31dRgULC3Ik2kUiaHHrleK3ffxHaYgLshgmKUt41d0+tYiiJ8M1EhOKysjmj+2fnCDALuvXUKFfMjpoTjaXbJYV+FYBTP5p7wsCU285xH9QcAHj7bTylw7ieyLlpAWEL7Cq44socSdCs for parameter ReceiptHandle is invalid. Reason: The receipt handle has expired.
    at Request.extractError (/Users/danfield/Documents/df/eth/SolidityUtil/node_modules/aws-sdk/lib/protocol/query.js:47:29)
    at Request.callListeners (/Users/danfield/Documents/df/eth/SolidityUtil/node_modules/aws-sdk/lib/sequential_executor.js:105:20)
    at Request.emit (/Users/danfield/Documents/df/eth/SolidityUtil/node_modules/aws-sdk/lib/sequential_executor.js:77:10)
    at Request.emit (/Users/danfield/Documents/df/eth/SolidityUtil/node_modules/aws-sdk/lib/request.js:683:14)
    at Request.transition (/Users/danfield/Documents/df/eth/SolidityUtil/node_modules/aws-sdk/lib/request.js:22:10)
    at AcceptorStateMachine.runTo (/Users/danfield/Documents/df/eth/SolidityUtil/node_modules/aws-sdk/lib/state_machine.js:14:12)
    at /Users/danfield/Documents/df/eth/SolidityUtil/node_modules/aws-sdk/lib/state_machine.js:26:10
    at Request.<anonymous> (/Users/danfield/Documents/df/eth/SolidityUtil/node_modules/aws-sdk/lib/request.js:38:9)
    at Request.<anonymous> (/Users/danfield/Documents/df/eth/SolidityUtil/node_modules/aws-sdk/lib/request.js:685:12)
    at Request.callListeners (/Users/danfield/Documents/df/eth/SolidityUtil/node_modules/aws-sdk/lib/sequential_executor.js:115:18)
    at Request.emit (/Users/danfield/Documents/df/eth/SolidityUtil/node_modules/aws-sdk/lib/sequential_executor.js:77:10)
    at Request.emit (/Users/danfield/Documents/df/eth/SolidityUtil/node_modules/aws-sdk/lib/request.js:683:14)
    at Request.transition (/Users/danfield/Documents/df/eth/SolidityUtil/node_modules/aws-sdk/lib/request.js:22:10)
    at AcceptorStateMachine.runTo (/Users/danfield/Documents/df/eth/SolidityUtil/node_modules/aws-sdk/lib/state_machine.js:14:12)
    at /Users/danfield/Documents/df/eth/SolidityUtil/node_modules/aws-sdk/lib/state_machine.js:26:10
    at Request.<anonymous> (/Users/danfield/Documents/df/eth/SolidityUtil/node_modules/aws-sdk/lib/request.js:38:9)
    at Request.<anonymous> (/Users/danfield/Documents/df/eth/SolidityUtil/node_modules/aws-sdk/lib/request.js:685:12)
    at Request.callListeners (/Users/danfield/Documents/df/eth/SolidityUtil/node_modules/aws-sdk/lib/sequential_executor.js:115:18)
    at callNextListener (/Users/danfield/Documents/df/eth/SolidityUtil/node_modules/aws-sdk/lib/sequential_executor.js:95:12)
    at IncomingMessage.onEnd (/Users/danfield/Documents/df/eth/SolidityUtil/node_modules/aws-sdk/lib/event_listeners.js:269:13)
    at IncomingMessage.emit (events.js:165:20)
    at endReadableNT (_stream_readable.js:1101:12)
2018-04-23T15:29:00.181Z - error: Delete Error: InvalidParameterValue: Value AQEBHV1eAZVqTXddTIKYE+S6ESEctYUEvW+8QVRopnRaGlhDvdhoNEcbU+S0FdZNr+Ba9G7E82BVmn3wBi3T7IPbQ59c6yxsudoRmxxhGYZpHSfi+3scqAIJXcz1ZiFYw0UeQpux14+01q3bTvFegydEqGcse2viVpvTBqZi7doVku+2K/otsi41kuEyPWt93gECqz2rYNDsClg/PJxP7Wv8mEUENbtKc9J/tX3Mfj2e24d3jqzAwE2MutF3SLw8eTZbrLfwF/gAdzvT/r4M+OC40BryAhG+e1z8EyyUVAa7xNmsTshGsrNIAxJK4AXoAJYl for parameter ReceiptHandle is invalid. Reason: The receipt handle has expired.
    at Request.extractError (/Users/danfield/Documents/df/eth/SolidityUtil/node_modules/aws-sdk/lib/protocol/query.js:47:29)
    at Request.callListeners (/Users/danfield/Documents/df/eth/SolidityUtil/node_modules/aws-sdk/lib/sequential_executor.js:105:20)
    at Request.emit (/Users/danfield/Documents/df/eth/SolidityUtil/node_modules/aws-sdk/lib/sequential_executor.js:77:10)
    at Request.emit (/Users/danfield/Documents/df/eth/SolidityUtil/node_modules/aws-sdk/lib/request.js:683:14)
    at Request.transition (/Users/danfield/Documents/df/eth/SolidityUtil/node_modules/aws-sdk/lib/request.js:22:10)
    at AcceptorStateMachine.runTo (/Users/danfield/Documents/df/eth/SolidityUtil/node_modules/aws-sdk/lib/state_machine.js:14:12)
    at /Users/danfield/Documents/df/eth/SolidityUtil/node_modules/aws-sdk/lib/state_machine.js:26:10
    at Request.<anonymous> (/Users/danfield/Documents/df/eth/SolidityUtil/node_modules/aws-sdk/lib/request.js:38:9)
    at Request.<anonymous> (/Users/danfield/Documents/df/eth/SolidityUtil/node_modules/aws-sdk/lib/request.js:685:12)
    at Request.callListeners (/Users/danfield/Documents/df/eth/SolidityUtil/node_modules/aws-sdk/lib/sequential_executor.js:115:18)
    at Request.emit (/Users/danfield/Documents/df/eth/SolidityUtil/node_modules/aws-sdk/lib/sequential_executor.js:77:10)
    at Request.emit (/Users/danfield/Documents/df/eth/SolidityUtil/node_modules/aws-sdk/lib/request.js:683:14)
    at Request.transition (/Users/danfield/Documents/df/eth/SolidityUtil/node_modules/aws-sdk/lib/request.js:22:10)
    at AcceptorStateMachine.runTo (/Users/danfield/Documents/df/eth/SolidityUtil/node_modules/aws-sdk/lib/state_machine.js:14:12)
    at /Users/danfield/Documents/df/eth/SolidityUtil/node_modules/aws-sdk/lib/state_machine.js:26:10
    at Request.<anonymous> (/Users/danfield/Documents/df/eth/SolidityUtil/node_modules/aws-sdk/lib/request.js:38:9)
    at Request.<anonymous> (/Users/danfield/Documents/df/eth/SolidityUtil/node_modules/aws-sdk/lib/request.js:685:12)
    at Request.callListeners (/Users/danfield/Documents/df/eth/SolidityUtil/node_modules/aws-sdk/lib/sequential_executor.js:115:18)
    at callNextListener (/Users/danfield/Documents/df/eth/SolidityUtil/node_modules/aws-sdk/lib/sequential_executor.js:95:12)
    at IncomingMessage.onEnd (/Users/danfield/Documents/df/eth/SolidityUtil/node_modules/aws-sdk/lib/event_listeners.js:269:13)
    at IncomingMessage.emit (events.js:165:20)
    at endReadableNT (_stream_readable.js:1101:12)
2018-04-23T15:31:16.088Z - error: Delete Error: InvalidParameterValue: Value AQEBO1XQBAw750dpJ9jS9AxaTHfU3KBJBCnbg9/GLJ8IIdOXhXRch8yxWcFbg9S/B5tgwYDOUPpOo0Rv6hjk8u3AdBoRBeU5hGwrckmURMPC8uUo7rn1UfeQaoBUkuuYw1d/r3X69M1CxUA/llfgQ3bF3RXtSHZVeRVlJkrDXz4V2K38xq92Svon3iaEHwuUwkZ0qwa89UfRWdUes5X8iidkUaFaVS1ygvRz0jodrezCh392P+nlnp2jW1rn39BI+iXWSauw/o8YQDgZPXBQUpbNHRAvuP4X7s2By7iM2XaDG5Gcn9tPQxwZC1TbI1s5koyT for parameter ReceiptHandle is invalid. Reason: The receipt handle has expired.
    at Request.extractError (/Users/danfield/Documents/df/eth/SolidityUtil/node_modules/aws-sdk/lib/protocol/query.js:47:29)
    at Request.callListeners (/Users/danfield/Documents/df/eth/SolidityUtil/node_modules/aws-sdk/lib/sequential_executor.js:105:20)
    at Request.emit (/Users/danfield/Documents/df/eth/SolidityUtil/node_modules/aws-sdk/lib/sequential_executor.js:77:10)
    at Request.emit (/Users/danfield/Documents/df/eth/SolidityUtil/node_modules/aws-sdk/lib/request.js:683:14)
    at Request.transition (/Users/danfield/Documents/df/eth/SolidityUtil/node_modules/aws-sdk/lib/request.js:22:10)
    at AcceptorStateMachine.runTo (/Users/danfield/Documents/df/eth/SolidityUtil/node_modules/aws-sdk/lib/state_machine.js:14:12)
    at /Users/danfield/Documents/df/eth/SolidityUtil/node_modules/aws-sdk/lib/state_machine.js:26:10
    at Request.<anonymous> (/Users/danfield/Documents/df/eth/SolidityUtil/node_modules/aws-sdk/lib/request.js:38:9)
    at Request.<anonymous> (/Users/danfield/Documents/df/eth/SolidityUtil/node_modules/aws-sdk/lib/request.js:685:12)
    at Request.callListeners (/Users/danfield/Documents/df/eth/SolidityUtil/node_modules/aws-sdk/lib/sequential_executor.js:115:18)
    at Request.emit (/Users/danfield/Documents/df/eth/SolidityUtil/node_modules/aws-sdk/lib/sequential_executor.js:77:10)
    at Request.emit (/Users/danfield/Documents/df/eth/SolidityUtil/node_modules/aws-sdk/lib/request.js:683:14)
    at Request.transition (/Users/danfield/Documents/df/eth/SolidityUtil/node_modules/aws-sdk/lib/request.js:22:10)
    at AcceptorStateMachine.runTo (/Users/danfield/Documents/df/eth/SolidityUtil/node_modules/aws-sdk/lib/state_machine.js:14:12)
    at /Users/danfield/Documents/df/eth/SolidityUtil/node_modules/aws-sdk/lib/state_machine.js:26:10
    at Request.<anonymous> (/Users/danfield/Documents/df/eth/SolidityUtil/node_modules/aws-sdk/lib/request.js:38:9)
    at Request.<anonymous> (/Users/danfield/Documents/df/eth/SolidityUtil/node_modules/aws-sdk/lib/request.js:685:12)
    at Request.callListeners (/Users/danfield/Documents/df/eth/SolidityUtil/node_modules/aws-sdk/lib/sequential_executor.js:115:18)
    at callNextListener (/Users/danfield/Documents/df/eth/SolidityUtil/node_modules/aws-sdk/lib/sequential_executor.js:95:12)
    at IncomingMessage.onEnd (/Users/danfield/Documents/df/eth/SolidityUtil/node_modules/aws-sdk/lib/event_listeners.js:269:13)
    at IncomingMessage.emit (events.js:165:20)
    at endReadableNT (_stream_readable.js:1101:12)
2018-04-23T15:34:54.774Z - error: Delete Error: InvalidParameterValue: Value AQEBOaJ0eiDiOqMzR4638DeSUg3qxAoa1eMA+Ah6LN25ztq0UB7o9/37HT8uGbekDTtwCnfbRmr80rHyoLfm7sRI75L+6QMUyd6ZBbJZYvdmU5SMXQsY34QeUSpE+drsNHdN59MLFhbDEb4zmDBInay4HtOEC79ZBXGRSfqTa+LmF2fUWJBe8EICB2EVwRkW7nClohFXQC0cjxK/BQZsOQNdAPt17uS2dprgYjSmU6Dxq3u5agLeW1wOORsyPLghHtPDpcOUNY9q7zU7l3vY21JiyDJbA/sg88MF9Zl7fF5GhY0Wq0irI0zPq4fvovw991x5 for parameter ReceiptHandle is invalid. Reason: The receipt handle has expired.
    at Request.extractError (/Users/danfield/Documents/df/eth/SolidityUtil/node_modules/aws-sdk/lib/protocol/query.js:47:29)
    at Request.callListeners (/Users/danfield/Documents/df/eth/SolidityUtil/node_modules/aws-sdk/lib/sequential_executor.js:105:20)
    at Request.emit (/Users/danfield/Documents/df/eth/SolidityUtil/node_modules/aws-sdk/lib/sequential_executor.js:77:10)
    at Request.emit (/Users/danfield/Documents/df/eth/SolidityUtil/node_modules/aws-sdk/lib/request.js:683:14)
    at Request.transition (/Users/danfield/Documents/df/eth/SolidityUtil/node_modules/aws-sdk/lib/request.js:22:10)
    at AcceptorStateMachine.runTo (/Users/danfield/Documents/df/eth/SolidityUtil/node_modules/aws-sdk/lib/state_machine.js:14:12)
    at /Users/danfield/Documents/df/eth/SolidityUtil/node_modules/aws-sdk/lib/state_machine.js:26:10
    at Request.<anonymous> (/Users/danfield/Documents/df/eth/SolidityUtil/node_modules/aws-sdk/lib/request.js:38:9)
    at Request.<anonymous> (/Users/danfield/Documents/df/eth/SolidityUtil/node_modules/aws-sdk/lib/request.js:685:12)
    at Request.callListeners (/Users/danfield/Documents/df/eth/SolidityUtil/node_modules/aws-sdk/lib/sequential_executor.js:115:18)
    at Request.emit (/Users/danfield/Documents/df/eth/SolidityUtil/node_modules/aws-sdk/lib/sequential_executor.js:77:10)
    at Request.emit (/Users/danfield/Documents/df/eth/SolidityUtil/node_modules/aws-sdk/lib/request.js:683:14)
    at Request.transition (/Users/danfield/Documents/df/eth/SolidityUtil/node_modules/aws-sdk/lib/request.js:22:10)
    at AcceptorStateMachine.runTo (/Users/danfield/Documents/df/eth/SolidityUtil/node_modules/aws-sdk/lib/state_machine.js:14:12)
    at /Users/danfield/Documents/df/eth/SolidityUtil/node_modules/aws-sdk/lib/state_machine.js:26:10
    at Request.<anonymous> (/Users/danfield/Documents/df/eth/SolidityUtil/node_modules/aws-sdk/lib/request.js:38:9)
    at Request.<anonymous> (/Users/danfield/Documents/df/eth/SolidityUtil/node_modules/aws-sdk/lib/request.js:685:12)
    at Request.callListeners (/Users/danfield/Documents/df/eth/SolidityUtil/node_modules/aws-sdk/lib/sequential_executor.js:115:18)
    at callNextListener (/Users/danfield/Documents/df/eth/SolidityUtil/node_modules/aws-sdk/lib/sequential_executor.js:95:12)
    at IncomingMessage.onEnd (/Users/danfield/Documents/df/eth/SolidityUtil/node_modules/aws-sdk/lib/event_listeners.js:269:13)
    at IncomingMessage.emit (events.js:165:20)
    at endReadableNT (_stream_readable.js:1101:12)
2018-04-23T15:37:24.744Z - error: Delete Error: InvalidParameterValue: Value AQEBYekbBNEzxOIo50Jg+rwbmnO1jgESuck6Kul1uLOKbLzDUyBwbFs0bM0YnXXs86BQRUkKFJvXdZ+9nQjOL2thJ+PY7m7HRaaEo1kfpOx1ZFfpOnnUv4CdYyCaiNgpzlqfnJV+rhHObEkhLutzJDVCgmG3MkoldCWYJhO4HTEcfkIwJJvV1yKwy6kcFQLztcoRN3vVHh0xzmFq5oW7TTjjHEB3AcAko69NkyVxUE7mpHcgxRCHPtaoDwdU1kk0dpNm+SoChnGAx0lMJDjcxPS68gnMm7/uyEQTPynAWdeB/AUU5+FcNEKU5J/AVVTiQGLL for parameter ReceiptHandle is invalid. Reason: The receipt handle has expired.
    at Request.extractError (/Users/danfield/Documents/df/eth/SolidityUtil/node_modules/aws-sdk/lib/protocol/query.js:47:29)
    at Request.callListeners (/Users/danfield/Documents/df/eth/SolidityUtil/node_modules/aws-sdk/lib/sequential_executor.js:105:20)
    at Request.emit (/Users/danfield/Documents/df/eth/SolidityUtil/node_modules/aws-sdk/lib/sequential_executor.js:77:10)
    at Request.emit (/Users/danfield/Documents/df/eth/SolidityUtil/node_modules/aws-sdk/lib/request.js:683:14)
    at Request.transition (/Users/danfield/Documents/df/eth/SolidityUtil/node_modules/aws-sdk/lib/request.js:22:10)
    at AcceptorStateMachine.runTo (/Users/danfield/Documents/df/eth/SolidityUtil/node_modules/aws-sdk/lib/state_machine.js:14:12)
    at /Users/danfield/Documents/df/eth/SolidityUtil/node_modules/aws-sdk/lib/state_machine.js:26:10
    at Request.<anonymous> (/Users/danfield/Documents/df/eth/SolidityUtil/node_modules/aws-sdk/lib/request.js:38:9)
    at Request.<anonymous> (/Users/danfield/Documents/df/eth/SolidityUtil/node_modules/aws-sdk/lib/request.js:685:12)
    at Request.callListeners (/Users/danfield/Documents/df/eth/SolidityUtil/node_modules/aws-sdk/lib/sequential_executor.js:115:18)
    at Request.emit (/Users/danfield/Documents/df/eth/SolidityUtil/node_modules/aws-sdk/lib/sequential_executor.js:77:10)
    at Request.emit (/Users/danfield/Documents/df/eth/SolidityUtil/node_modules/aws-sdk/lib/request.js:683:14)
    at Request.transition (/Users/danfield/Documents/df/eth/SolidityUtil/node_modules/aws-sdk/lib/request.js:22:10)
    at AcceptorStateMachine.runTo (/Users/danfield/Documents/df/eth/SolidityUtil/node_modules/aws-sdk/lib/state_machine.js:14:12)
    at /Users/danfield/Documents/df/eth/SolidityUtil/node_modules/aws-sdk/lib/state_machine.js:26:10
    at Request.<anonymous> (/Users/danfield/Documents/df/eth/SolidityUtil/node_modules/aws-sdk/lib/request.js:38:9)
    at Request.<anonymous> (/Users/danfield/Documents/df/eth/SolidityUtil/node_modules/aws-sdk/lib/request.js:685:12)
    at Request.callListeners (/Users/danfield/Documents/df/eth/SolidityUtil/node_modules/aws-sdk/lib/sequential_executor.js:115:18)
    at callNextListener (/Users/danfield/Documents/df/eth/SolidityUtil/node_modules/aws-sdk/lib/sequential_executor.js:95:12)
    at IncomingMessage.onEnd (/Users/danfield/Documents/df/eth/SolidityUtil/node_modules/aws-sdk/lib/event_listeners.js:269:13)
    at IncomingMessage.emit (events.js:165:20)
    at endReadableNT (_stream_readable.js:1101:12)
2018-04-23T15:48:00.396Z - error: Delete Error: InvalidParameterValue: Value AQEBcjz7kOGoB2QUZql9N9AqF5Jf0fkaAH1qrYLxDgwAARK8A43MWv0gjHzrNNfJ8Hso2/Ac6BRs3yKpxbuZTJRAs5yO8vj9EN0e1AxjF4r6uYQmxohu/SMUV/8H6fPRIbzmURTh6yWQyfq6yHbw8rFEVv5IHtt+rxIvfbjoLNuFyuu/vCi2M5Ar9I37oHVqdC5cKKgsFHO2cXz0PwsX1EEuyVvcZSAdnvsrb37NLRGDrfnmXBcpjXbhRNWTocm3XEObr3wKEuy04iWHjoDN/C31T5K/MtYJccrT4ag5uB5Ru7m4Nyq+AgPS9twJjgzplyNl for parameter ReceiptHandle is invalid. Reason: The receipt handle has expired.
    at Request.extractError (/Users/danfield/Documents/df/eth/SolidityUtil/node_modules/aws-sdk/lib/protocol/query.js:47:29)
    at Request.callListeners (/Users/danfield/Documents/df/eth/SolidityUtil/node_modules/aws-sdk/lib/sequential_executor.js:105:20)
    at Request.emit (/Users/danfield/Documents/df/eth/SolidityUtil/node_modules/aws-sdk/lib/sequential_executor.js:77:10)
    at Request.emit (/Users/danfield/Documents/df/eth/SolidityUtil/node_modules/aws-sdk/lib/request.js:683:14)
    at Request.transition (/Users/danfield/Documents/df/eth/SolidityUtil/node_modules/aws-sdk/lib/request.js:22:10)
    at AcceptorStateMachine.runTo (/Users/danfield/Documents/df/eth/SolidityUtil/node_modules/aws-sdk/lib/state_machine.js:14:12)
    at /Users/danfield/Documents/df/eth/SolidityUtil/node_modules/aws-sdk/lib/state_machine.js:26:10
    at Request.<anonymous> (/Users/danfield/Documents/df/eth/SolidityUtil/node_modules/aws-sdk/lib/request.js:38:9)
    at Request.<anonymous> (/Users/danfield/Documents/df/eth/SolidityUtil/node_modules/aws-sdk/lib/request.js:685:12)
    at Request.callListeners (/Users/danfield/Documents/df/eth/SolidityUtil/node_modules/aws-sdk/lib/sequential_executor.js:115:18)
    at Request.emit (/Users/danfield/Documents/df/eth/SolidityUtil/node_modules/aws-sdk/lib/sequential_executor.js:77:10)
    at Request.emit (/Users/danfield/Documents/df/eth/SolidityUtil/node_modules/aws-sdk/lib/request.js:683:14)
    at Request.transition (/Users/danfield/Documents/df/eth/SolidityUtil/node_modules/aws-sdk/lib/request.js:22:10)
    at AcceptorStateMachine.runTo (/Users/danfield/Documents/df/eth/SolidityUtil/node_modules/aws-sdk/lib/state_machine.js:14:12)
    at /Users/danfield/Documents/df/eth/SolidityUtil/node_modules/aws-sdk/lib/state_machine.js:26:10
    at Request.<anonymous> (/Users/danfield/Documents/df/eth/SolidityUtil/node_modules/aws-sdk/lib/request.js:38:9)
    at Request.<anonymous> (/Users/danfield/Documents/df/eth/SolidityUtil/node_modules/aws-sdk/lib/request.js:685:12)
    at Request.callListeners (/Users/danfield/Documents/df/eth/SolidityUtil/node_modules/aws-sdk/lib/sequential_executor.js:115:18)
    at callNextListener (/Users/danfield/Documents/df/eth/SolidityUtil/node_modules/aws-sdk/lib/sequential_executor.js:95:12)
    at IncomingMessage.onEnd (/Users/danfield/Documents/df/eth/SolidityUtil/node_modules/aws-sdk/lib/event_listeners.js:269:13)
    at IncomingMessage.emit (events.js:165:20)
    at endReadableNT (_stream_readable.js:1101:12)
2018-04-23T15:56:57.806Z - error: Delete Error: InvalidParameterValue: Value AQEBCBVixqDTYGU0PdqBaWMs+RKy9YoWjXPuHqigSElj7kBHUKAeQ4+w6E5Bd8opot0qv6k/mvThHYZIz8Cz4ZCdE8dj8FmeMPwfdYmH5CbKFB383F/27tc+7u+g4Tz27niuw7rtjMYFTxgfZc20mysoOC3oEiKPRkL4ejbf9pgvYachNcBh/U+G3A5LuXlyR51hwft4o+XqsRRt2V73ACt2rz+wZFhyQR3gOMWlBs3eeU1QI/qemgq88Ey37ARn4j8oq6AyohJ1MeJYp4N6aEAcUIHenlSVEgFqNBNiPr1WSFV/YGnzSlAe+8gjGSroZFfX for parameter ReceiptHandle is invalid. Reason: The receipt handle has expired.
    at Request.extractError (/Users/danfield/Documents/df/eth/SolidityUtil/node_modules/aws-sdk/lib/protocol/query.js:47:29)
    at Request.callListeners (/Users/danfield/Documents/df/eth/SolidityUtil/node_modules/aws-sdk/lib/sequential_executor.js:105:20)
    at Request.emit (/Users/danfield/Documents/df/eth/SolidityUtil/node_modules/aws-sdk/lib/sequential_executor.js:77:10)
    at Request.emit (/Users/danfield/Documents/df/eth/SolidityUtil/node_modules/aws-sdk/lib/request.js:683:14)
    at Request.transition (/Users/danfield/Documents/df/eth/SolidityUtil/node_modules/aws-sdk/lib/request.js:22:10)
    at AcceptorStateMachine.runTo (/Users/danfield/Documents/df/eth/SolidityUtil/node_modules/aws-sdk/lib/state_machine.js:14:12)
    at /Users/danfield/Documents/df/eth/SolidityUtil/node_modules/aws-sdk/lib/state_machine.js:26:10
    at Request.<anonymous> (/Users/danfield/Documents/df/eth/SolidityUtil/node_modules/aws-sdk/lib/request.js:38:9)
    at Request.<anonymous> (/Users/danfield/Documents/df/eth/SolidityUtil/node_modules/aws-sdk/lib/request.js:685:12)
    at Request.callListeners (/Users/danfield/Documents/df/eth/SolidityUtil/node_modules/aws-sdk/lib/sequential_executor.js:115:18)
    at Request.emit (/Users/danfield/Documents/df/eth/SolidityUtil/node_modules/aws-sdk/lib/sequential_executor.js:77:10)
    at Request.emit (/Users/danfield/Documents/df/eth/SolidityUtil/node_modules/aws-sdk/lib/request.js:683:14)
    at Request.transition (/Users/danfield/Documents/df/eth/SolidityUtil/node_modules/aws-sdk/lib/request.js:22:10)
    at AcceptorStateMachine.runTo (/Users/danfield/Documents/df/eth/SolidityUtil/node_modules/aws-sdk/lib/state_machine.js:14:12)
    at /Users/danfield/Documents/df/eth/SolidityUtil/node_modules/aws-sdk/lib/state_machine.js:26:10
    at Request.<anonymous> (/Users/danfield/Documents/df/eth/SolidityUtil/node_modules/aws-sdk/lib/request.js:38:9)
    at Request.<anonymous> (/Users/danfield/Documents/df/eth/SolidityUtil/node_modules/aws-sdk/lib/request.js:685:12)
    at Request.callListeners (/Users/danfield/Documents/df/eth/SolidityUtil/node_modules/aws-sdk/lib/sequential_executor.js:115:18)
    at callNextListener (/Users/danfield/Documents/df/eth/SolidityUtil/node_modules/aws-sdk/lib/sequential_executor.js:95:12)
    at IncomingMessage.onEnd (/Users/danfield/Documents/df/eth/SolidityUtil/node_modules/aws-sdk/lib/event_listeners.js:269:13)
    at IncomingMessage.emit (events.js:165:20)
    at endReadableNT (_stream_readable.js:1101:12)
2018-04-24T11:54:57.298Z - error: Error adding to db:Error: ER_PARSE_ERROR: You have an error in your SQL syntax; check the manual that corresponds to your MySQL server version for the right syntax to use near 'key, address, reward, callback_method, external_url, timestamp, created_at, crea' at line 1
2018-04-24T12:36:57.310Z - error: Error adding to db:Error: ER_PARSE_ERROR: You have an error in your SQL syntax; check the manual that corresponds to your MySQL server version for the right syntax to use near 'key, address, reward, callback_method, external_url, timestamp, created_at, crea' at line 1
2018-04-24T12:44:09.858Z - error: Error adding to db:Error: ER_PARSE_ERROR: You have an error in your SQL syntax; check the manual that corresponds to your MySQL server version for the right syntax to use near 'key, address, reward, callback_method, external_url, timestamp, created_at, crea' at line 1
2018-04-24T12:51:24.234Z - error: Error adding to db:Error: ER_PARSE_ERROR: You have an error in your SQL syntax; check the manual that corresponds to your MySQL server version for the right syntax to use near 'key, address, reward, callback_method, external_url, timestamp, created_at, crea' at line 1
2018-04-24T12:57:54.857Z - error: Error adding to db:Error: ER_NO_SUCH_TABLE: Table 'solidityutil.tbl_setTimeout_table' doesn't exist
2018-04-24T13:22:54.889Z - error: Error adding to db:Error: ER_BAD_FIELD_ERROR: Unknown column 'aaasender' in 'field list'
